The system is: Darwin - 17.0.0 - x86_64
Compiling the Fortran compiler identification source file "CMakeFortranCompilerId.F" succeeded.
Compiler: /usr/local/bin/gfortran 
Build flags: -fomit-frame-pointer;-funroll-loops;;-ffast-math;-Ofast;-fno-signed-zeros;-ffp-contract=fast;-mmmx;-msse;-flto;-maes;-march=native;;;-ffast-math;-Ofast;-fno-signed-zeros;-ffp-contract=fast;-mmmx;-msse;-flto;-maes;-march=native;;
Id flags: -v 

The output was:
0
Driving: /usr/local/bin/gfortran -fomit-frame-pointer -funroll-loops -Ofast -ffp-contract=fast -march=native -ffast-math -Ofast -fno-signed-zeros -ffp-contract=fast -mmmx -msse -flto -maes -march=native -v CMakeFortranCompilerId.F -mmacosx-version-min=10.13 -asm_macosx_version_min=10.13 -l gfortran -shared-libgcc
Using built-in specs.
COLLECT_GCC=/usr/local/bin/gfortran
COLLECT_LTO_WRAPPER=/usr/local/Cellar/gcc/7.2.0/libexec/gcc/x86_64-apple-darwin17.0.0/7.2.0/lto-wrapper
Target: x86_64-apple-darwin17.0.0
Configured with: ../configure --build=x86_64-apple-darwin17.0.0 --prefix=/usr/local/Cellar/gcc/7.2.0 --libdir=/usr/local/Cellar/gcc/7.2.0/lib/gcc/7 --enable-languages=c,c++,objc,obj-c++,fortran,jit --enable-host-shared --program-suffix=-7 --with-gmp=/usr/local/opt/gmp --with-mpfr=/usr/local/opt/mpfr --with-mpc=/usr/local/opt/libmpc --with-isl=/usr/local/opt/isl --with-ld=/usr/bin/ld --with-system-zlib --enable-checking=release --with-pkgversion='Homebrew GCC 7.2.0' --with-bugurl=https://github.com/Homebrew/homebrew-core/issues --disable-nls
Thread model: posix
gcc version 7.2.0 (Homebrew GCC 7.2.0) 
COLLECT_GCC_OPTIONS='-fomit-frame-pointer' '-funroll-loops' '-Ofast' '-ffp-contract=fast' '-march=native' '-ffast-math' '-Ofast' '-fno-signed-zeros' '-ffp-contract=fast' '-mmmx' '-msse' '-flto' '-maes' '-march=native' '-v' '-mmacosx-version-min=10.13' '-asm_macosx_version_min=10.13' '-shared-libgcc'
 /usr/local/Cellar/gcc/7.2.0/libexec/gcc/x86_64-apple-darwin17.0.0/7.2.0/f951 CMakeFortranCompilerId.F -ffixed-form -cpp=/tmp/openmpi/cc2gV874.f90 -quiet -v -D__DYNAMIC__ CMakeFortranCompilerId.F -march=sandybridge -mmmx -mno-3dnow -msse -msse2 -msse3 -mssse3 -mno-sse4a -mcx16 -msahf -mno-movbe -maes -mno-sha -mpclmul -mpopcnt -mno-abm -mno-lwp -mno-fma -mno-fma4 -mno-xop -mno-bmi -mno-sgx -mno-bmi2 -mno-tbm -mavx -mno-avx2 -msse4.2 -msse4.1 -mno-lzcnt -mno-rtm -mno-hle -mno-rdrnd -mno-f16c -mno-fsgsbase -mno-rdseed -mno-prfchw -mno-adx -mfxsr -mxsave -mxsaveopt -mno-avx512f -mno-avx512er -mno-avx512cd -mno-avx512pf -mno-prefetchwt1 -mno-clflushopt -mno-xsavec -mno-xsaves -mno-avx512dq -mno-avx512bw -mno-avx512vl -mno-avx512ifma -mno-avx512vbmi -mno-avx5124fmaps -mno-avx5124vnniw -mno-clwb -mno-mwaitx -mno-clzero -mno-pku -mno-rdpid --param l1-cache-size=32 --param l1-cache-line-size=64 --param l2-cache-size=4096 -mtune=sandybridge -fPIC -quiet -dumpbase CMakeFortranCompilerId.F -mmmx -msse -maes -mmacosx-version-min=10.13 -auxbase CMakeFortranCompilerId -Ofast -Ofast -version -fomit-frame-pointer -funroll-loops -ffp-contract=fast -ffast-math -fno-signed-zeros -ffp-contract=fast -flto -fintrinsic-modules-path /usr/local/Cellar/gcc/7.2.0/lib/gcc/7/gcc/x86_64-apple-darwin17.0.0/7.2.0/finclude -o /tmp/openmpi/ccsDfHiS.s
GNU Fortran (Homebrew GCC 7.2.0) version 7.2.0 (x86_64-apple-darwin17.0.0)
	compiled by GNU C version 7.2.0, GMP version 6.1.2, MPFR version 3.1.5, MPC version 1.0.3, isl version isl-0.18-GMP

warning: MPFR header version 3.1.5 differs from library version 3.1.6.
GGC heuristics: --param ggc-min-expand=100 --param ggc-min-heapsize=131072
ignoring nonexistent directory "/usr/local/Cellar/gcc/7.2.0/lib/gcc/7/gcc/x86_64-apple-darwin17.0.0/7.2.0/../../../../../../x86_64-apple-darwin17.0.0/include"
#include "..." search starts here:
#include <...> search starts here:
 /usr/local/Cellar/gcc/7.2.0/lib/gcc/7/gcc/x86_64-apple-darwin17.0.0/7.2.0/finclude
 /usr/local/Cellar/gcc/7.2.0/lib/gcc/7/gcc/x86_64-apple-darwin17.0.0/7.2.0/include
 /usr/local/include
 /usr/local/Cellar/gcc/7.2.0/include
 /usr/local/Cellar/gcc/7.2.0/lib/gcc/7/gcc/x86_64-apple-darwin17.0.0/7.2.0/include-fixed
 /usr/include
End of search list.
GNU Fortran2008 (Homebrew GCC 7.2.0) version 7.2.0 (x86_64-apple-darwin17.0.0)
	compiled by GNU C version 7.2.0, GMP version 6.1.2, MPFR version 3.1.5, MPC version 1.0.3, isl version isl-0.18-GMP

warning: MPFR header version 3.1.5 differs from library version 3.1.6.
GGC heuristics: --param ggc-min-expand=100 --param ggc-min-heapsize=131072
COLLECT_GCC_OPTIONS='-fomit-frame-pointer' '-funroll-loops' '-Ofast' '-ffp-contract=fast' '-march=native' '-ffast-math' '-Ofast' '-fno-signed-zeros' '-ffp-contract=fast' '-mmmx' '-msse' '-flto' '-maes' '-march=native' '-v' '-mmacosx-version-min=10.13'  '-shared-libgcc'
 as -arch x86_64 -v -force_cpusubtype_ALL -mmacosx-version-min=10.13 -o /tmp/openmpi/ccje7ffA.o /tmp/openmpi/ccsDfHiS.s
Apple LLVM version 9.0.0 (clang-900.0.22.8)
Target: x86_64-apple-darwin17.0.0
Thread model: posix
InstalledDir: /Applications/Xcode.app/Contents/Developer/Toolchains/XcodeDefault.xctoolchain/usr/bin
Found CUDA installation: /usr/local/cuda, version 8.0
 "/Applications/Xcode.app/Contents/Developer/Toolchains/XcodeDefault.xctoolchain/usr/bin/clang" -cc1as -triple x86_64-apple-macosx10.13.0 -filetype obj -main-file-name ccsDfHiS.s -target-cpu penryn -fdebug-compilation-dir /Users/dojo/Library/Caches/Homebrew/lapack-3.7.1/CMakeFiles/3.9.2/CompilerIdFortran -dwarf-debug-producer Apple LLVM version 9.0.0 (clang-900.0.22.8) -dwarf-version=4 -mrelocation-model pic -o /tmp/openmpi/ccje7ffA.o /tmp/openmpi/ccsDfHiS.s
Reading specs from /usr/local/Cellar/gcc/7.2.0/lib/gcc/7/gcc/x86_64-apple-darwin17.0.0/7.2.0/../../../libgfortran.spec
rename spec lib to liborig
COLLECT_GCC_OPTIONS='-fomit-frame-pointer' '-funroll-loops' '-Ofast' '-ffp-contract=fast' '-march=native' '-ffast-math' '-Ofast' '-fno-signed-zeros' '-ffp-contract=fast' '-mmmx' '-msse' '-flto' '-maes' '-march=native' '-v' '-mmacosx-version-min=10.13'  '-shared-libgcc'
COMPILER_PATH=/usr/local/Cellar/gcc/7.2.0/libexec/gcc/x86_64-apple-darwin17.0.0/7.2.0/:/usr/local/Cellar/gcc/7.2.0/libexec/gcc/x86_64-apple-darwin17.0.0/7.2.0/:/usr/local/Cellar/gcc/7.2.0/libexec/gcc/x86_64-apple-darwin17.0.0/:/usr/local/Cellar/gcc/7.2.0/lib/gcc/7/gcc/x86_64-apple-darwin17.0.0/7.2.0/:/usr/local/Cellar/gcc/7.2.0/lib/gcc/7/gcc/x86_64-apple-darwin17.0.0/
LIBRARY_PATH=/usr/local/Cellar/gcc/7.2.0/lib/gcc/7/gcc/x86_64-apple-darwin17.0.0/7.2.0/:/usr/local/Cellar/gcc/7.2.0/lib/gcc/7/gcc/x86_64-apple-darwin17.0.0/7.2.0/../../../
COLLECT_GCC_OPTIONS='-fomit-frame-pointer' '-funroll-loops' '-Ofast' '-ffp-contract=fast' '-march=native' '-ffast-math' '-Ofast' '-fno-signed-zeros' '-ffp-contract=fast' '-mmmx' '-msse' '-flto' '-maes' '-march=native' '-v' '-mmacosx-version-min=10.13'  '-shared-libgcc'
 /usr/local/Cellar/gcc/7.2.0/libexec/gcc/x86_64-apple-darwin17.0.0/7.2.0/collect2 -flto -dynamic -arch x86_64 -macosx_version_min 10.13 -weak_reference_mismatches non-weak -o a.out -L/usr/local/Cellar/gcc/7.2.0/lib/gcc/7/gcc/x86_64-apple-darwin17.0.0/7.2.0 -L/usr/local/Cellar/gcc/7.2.0/lib/gcc/7/gcc/x86_64-apple-darwin17.0.0/7.2.0/../../.. /tmp/openmpi/ccje7ffA.o -lgfortran -no_compact_unwind -lSystem -lgcc_ext.10.5 -lgcc -lquadmath -lm -lgcc_ext.10.5 -lgcc -lSystem /usr/local/Cellar/gcc/7.2.0/lib/gcc/7/gcc/x86_64-apple-darwin17.0.0/7.2.0/crtfastmath.o -v
collect2 version 7.2.0
/usr/bin/ld -dynamic -arch x86_64 -macosx_version_min 10.13 -weak_reference_mismatches non-weak -o a.out -L/usr/local/Cellar/gcc/7.2.0/lib/gcc/7/gcc/x86_64-apple-darwin17.0.0/7.2.0 -L/usr/local/Cellar/gcc/7.2.0/lib/gcc/7/gcc/x86_64-apple-darwin17.0.0/7.2.0/../../.. /tmp/openmpi/ccje7ffA.o -lgfortran -no_compact_unwind -lSystem -lgcc_ext.10.5 -lgcc -lquadmath -lm -lgcc_ext.10.5 -lgcc -lSystem /usr/local/Cellar/gcc/7.2.0/lib/gcc/7/gcc/x86_64-apple-darwin17.0.0/7.2.0/crtfastmath.o -v
@(#)PROGRAM:ld  PROJECT:ld64-301.1
configured to support archs: armv6 armv7 armv7s arm64 i386 x86_64 x86_64h armv6m armv7k armv7m armv7em (tvOS)
Library search paths:
	/usr/local/Cellar/gcc/7.2.0/lib/gcc/7/gcc/x86_64-apple-darwin17.0.0/7.2.0
	/usr/local/Cellar/gcc/7.2.0/lib/gcc/7
	/usr/lib
	/usr/local/lib
Framework search paths:
	/Library/Frameworks/
	/System/Library/Frameworks/
 /usr/local/opt/binutils/bin/gnm -n /tmp/openmpi/ccje7ffA.o
 /usr/local/opt/binutils/bin/gnm -n /usr/local/Cellar/gcc/7.2.0/lib/gcc/7/gcc/x86_64-apple-darwin17.0.0/7.2.0/crtfastmath.o
/usr/local/Cellar/gcc/7.2.0/libexec/gcc/x86_64-apple-darwin17.0.0/7.2.0/lto-wrapper /tmp/openmpi/ccje7ffA.o
/usr/local/bin/gfortran @/tmp/openmpi/ccJ7xVqv
Using built-in specs.
COLLECT_GCC=/usr/local/bin/gfortran
Target: x86_64-apple-darwin17.0.0
Configured with: ../configure --build=x86_64-apple-darwin17.0.0 --prefix=/usr/local/Cellar/gcc/7.2.0 --libdir=/usr/local/Cellar/gcc/7.2.0/lib/gcc/7 --enable-languages=c,c++,objc,obj-c++,fortran,jit --enable-host-shared --program-suffix=-7 --with-gmp=/usr/local/opt/gmp --with-mpfr=/usr/local/opt/mpfr --with-mpc=/usr/local/opt/libmpc --with-isl=/usr/local/opt/isl --with-ld=/usr/bin/ld --with-system-zlib --enable-checking=release --with-pkgversion='Homebrew GCC 7.2.0' --with-bugurl=https://github.com/Homebrew/homebrew-core/issues --disable-nls
Thread model: posix
gcc version 7.2.0 (Homebrew GCC 7.2.0) 
COLLECT_GCC_OPTIONS='-c' '-fno-math-errno' '-fno-trapping-math' '-fno-trapv' '-fno-openmp' '-fno-openacc' '-march=sandybridge' '-mno-3dnow' '-msse2' '-msse3' '-mssse3' '-mno-sse4a' '-mcx16' '-msahf' '-mno-movbe' '-mno-sha' '-mpclmul' '-mpopcnt' '-mno-abm' '-mno-lwp' '-mno-fma' '-mno-fma4' '-mno-xop' '-mno-bmi' '-mno-sgx' '-mno-bmi2' '-mno-tbm' '-mavx' '-mno-avx2' '-msse4.2' '-msse4.1' '-mno-lzcnt' '-mno-rtm' '-mno-hle' '-mno-rdrnd' '-mno-f16c' '-mno-fsgsbase' '-mno-rdseed' '-mno-prfchw' '-mno-adx' '-mfxsr' '-mxsave' '-mxsaveopt' '-mno-avx512f' '-mno-avx512er' '-mno-avx512cd' '-mno-avx512pf' '-mno-prefetchwt1' '-mno-clflushopt' '-mno-xsavec' '-mno-xsaves' '-mno-avx512dq' '-mno-avx512bw' '-mno-avx512vl' '-mno-avx512ifma' '-mno-avx512vbmi' '-mno-avx5124fmaps' '-mno-avx5124vnniw' '-mno-clwb' '-mno-mwaitx' '-mno-clzero' '-mno-pku' '-mno-rdpid' '-mtune=sandybridge' '-fPIC' '-mmacosx-version-min=10.13' '-Ofast' '-Ofast' '-ffp-contract=fast' '-ffp-contract=fast' '-fomit-frame-pointer' '-funroll-loops' '-Ofast' '-ffp-contract=fast' '-march=native' '-ffast-math' '-Ofast' '-fno-signed-zeros' '-ffp-contract=fast' '-mmmx' '-msse' '-maes' '-march=native' '-v' '-mmacosx-version-min=10.13' '-shared-libgcc' '-fltrans-output-list=/tmp/openmpi/ccl9Ak1V.ltrans.out' '-fwpa' '-asm_macosx_version_min=10.13'
 /usr/local/Cellar/gcc/7.2.0/libexec/gcc/x86_64-apple-darwin17.0.0/7.2.0/lto1 -march=sandybridge -mmmx -mno-3dnow -msse -msse2 -msse3 -mssse3 -mno-sse4a -mcx16 -msahf -mno-movbe -maes -mno-sha -mpclmul -mpopcnt -mno-abm -mno-lwp -mno-fma -mno-fma4 -mno-xop -mno-bmi -mno-sgx -mno-bmi2 -mno-tbm -mavx -mno-avx2 -msse4.2 -msse4.1 -mno-lzcnt -mno-rtm -mno-hle -mno-rdrnd -mno-f16c -mno-fsgsbase -mno-rdseed -mno-prfchw -mno-adx -mfxsr -mxsave -mxsaveopt -mno-avx512f -mno-avx512er -mno-avx512cd -mno-avx512pf -mno-prefetchwt1 -mno-clflushopt -mno-xsavec -mno-xsaves -mno-avx512dq -mno-avx512bw -mno-avx512vl -mno-avx512ifma -mno-avx512vbmi -mno-avx5124fmaps -mno-avx5124vnniw -mno-clwb -mno-mwaitx -mno-clzero -mno-pku -mno-rdpid -fPIC -quiet -dumpbase ccje7ffA.o -march=sandybridge -mno-3dnow -msse2 -msse3 -mssse3 -mno-sse4a -mcx16 -msahf -mno-movbe -mno-sha -mpclmul -mpopcnt -mno-abm -mno-lwp -mno-fma -mno-fma4 -mno-xop -mno-bmi -mno-sgx -mno-bmi2 -mno-tbm -mavx -mno-avx2 -msse4.2 -msse4.1 -mno-lzcnt -mno-rtm -mno-hle -mno-rdrnd -mno-f16c -mno-fsgsbase -mno-rdseed -mno-prfchw -mno-adx -mfxsr -mxsave -mxsaveopt -mno-avx512f -mno-avx512er -mno-avx512cd -mno-avx512pf -mno-prefetchwt1 -mno-clflushopt -mno-xsavec -mno-xsaves -mno-avx512dq -mno-avx512bw -mno-avx512vl -mno-avx512ifma -mno-avx512vbmi -mno-avx5124fmaps -mno-avx5124vnniw -mno-clwb -mno-mwaitx -mno-clzero -mno-pku -mno-rdpid -mtune=sandybridge -mmacosx-version-min=10.13 -mmmx -msse -maes -mmacosx-version-min=10.13 -auxbase ccje7ffA -Ofast -Ofast -Ofast -Ofast -version -fno-math-errno -fno-trapping-math -fno-trapv -fno-openmp -fno-openacc -fPIC -ffp-contract=fast -ffp-contract=fast -fomit-frame-pointer -funroll-loops -ffp-contract=fast -ffast-math -fno-signed-zeros -ffp-contract=fast -fltrans-output-list=/tmp/openmpi/ccl9Ak1V.ltrans.out -fwpa @/tmp/openmpi/ccDisV3Q
GNU GIMPLE (Homebrew GCC 7.2.0) version 7.2.0 (x86_64-apple-darwin17.0.0)
	compiled by GNU C version 7.2.0, GMP version 6.1.2, MPFR version 3.1.5, MPC version 1.0.3, isl version isl-0.18-GMP

warning: MPFR header version 3.1.5 differs from library version 3.1.6.
GGC heuristics: --param ggc-min-expand=100 --param ggc-min-heapsize=131072
GNU GIMPLE (Homebrew GCC 7.2.0) version 7.2.0 (x86_64-apple-darwin17.0.0)
	compiled by GNU C version 7.2.0, GMP version 6.1.2, MPFR version 3.1.5, MPC version 1.0.3, isl version isl-0.18-GMP

warning: MPFR header version 3.1.5 differs from library version 3.1.6.
GGC heuristics: --param ggc-min-expand=100 --param ggc-min-heapsize=131072
COMPILER_PATH=/usr/local/Cellar/gcc/7.2.0/libexec/gcc/x86_64-apple-darwin17.0.0/7.2.0/:/usr/local/Cellar/gcc/7.2.0/libexec/gcc/x86_64-apple-darwin17.0.0/7.2.0/:/usr/local/Cellar/gcc/7.2.0/libexec/gcc/x86_64-apple-darwin17.0.0/:/usr/local/Cellar/gcc/7.2.0/lib/gcc/7/gcc/x86_64-apple-darwin17.0.0/7.2.0/:/usr/local/Cellar/gcc/7.2.0/lib/gcc/7/gcc/x86_64-apple-darwin17.0.0/:/usr/local/Cellar/gcc/7.2.0/libexec/gcc/x86_64-apple-darwin17.0.0/7.2.0/:/usr/local/Cellar/gcc/7.2.0/libexec/gcc/x86_64-apple-darwin17.0.0/7.2.0/:/usr/local/Cellar/gcc/7.2.0/libexec/gcc/x86_64-apple-darwin17.0.0/:/usr/local/Cellar/gcc/7.2.0/lib/gcc/7/gcc/x86_64-apple-darwin17.0.0/7.2.0/:/usr/local/Cellar/gcc/7.2.0/lib/gcc/7/gcc/x86_64-apple-darwin17.0.0/
LIBRARY_PATH=/usr/local/Cellar/gcc/7.2.0/lib/gcc/7/gcc/x86_64-apple-darwin17.0.0/7.2.0/:/usr/local/Cellar/gcc/7.2.0/lib/gcc/7/gcc/x86_64-apple-darwin17.0.0/7.2.0/../../../:/usr/local/Cellar/gcc/7.2.0/lib/gcc/7/gcc/x86_64-apple-darwin17.0.0/7.2.0/:/usr/local/Cellar/gcc/7.2.0/lib/gcc/7/gcc/x86_64-apple-darwin17.0.0/7.2.0/../../../
COLLECT_GCC_OPTIONS='-c' '-fno-math-errno' '-fno-trapping-math' '-fno-trapv' '-fno-openmp' '-fno-openacc' '-march=sandybridge' '-mno-3dnow' '-msse2' '-msse3' '-mssse3' '-mno-sse4a' '-mcx16' '-msahf' '-mno-movbe' '-mno-sha' '-mpclmul' '-mpopcnt' '-mno-abm' '-mno-lwp' '-mno-fma' '-mno-fma4' '-mno-xop' '-mno-bmi' '-mno-sgx' '-mno-bmi2' '-mno-tbm' '-mavx' '-mno-avx2' '-msse4.2' '-msse4.1' '-mno-lzcnt' '-mno-rtm' '-mno-hle' '-mno-rdrnd' '-mno-f16c' '-mno-fsgsbase' '-mno-rdseed' '-mno-prfchw' '-mno-adx' '-mfxsr' '-mxsave' '-mxsaveopt' '-mno-avx512f' '-mno-avx512er' '-mno-avx512cd' '-mno-avx512pf' '-mno-prefetchwt1' '-mno-clflushopt' '-mno-xsavec' '-mno-xsaves' '-mno-avx512dq' '-mno-avx512bw' '-mno-avx512vl' '-mno-avx512ifma' '-mno-avx512vbmi' '-mno-avx5124fmaps' '-mno-avx5124vnniw' '-mno-clwb' '-mno-mwaitx' '-mno-clzero' '-mno-pku' '-mno-rdpid' '-mtune=sandybridge' '-fPIC' '-mmacosx-version-min=10.13' '-Ofast' '-Ofast' '-ffp-contract=fast' '-ffp-contract=fast' '-fomit-frame-pointer' '-funroll-loops' '-Ofast' '-ffp-contract=fast' '-march=native' '-ffast-math' '-Ofast' '-fno-signed-zeros' '-ffp-contract=fast' '-mmmx' '-msse' '-maes' '-march=native' '-v' '-mmacosx-version-min=10.13' '-shared-libgcc' '-fltrans-output-list=/tmp/openmpi/ccl9Ak1V.ltrans.out' '-fwpa' '-asm_macosx_version_min=10.13'
/usr/local/bin/gfortran @/tmp/openmpi/cce00UXj
Using built-in specs.
COLLECT_GCC=/usr/local/bin/gfortran
Target: x86_64-apple-darwin17.0.0
Configured with: ../configure --build=x86_64-apple-darwin17.0.0 --prefix=/usr/local/Cellar/gcc/7.2.0 --libdir=/usr/local/Cellar/gcc/7.2.0/lib/gcc/7 --enable-languages=c,c++,objc,obj-c++,fortran,jit --enable-host-shared --program-suffix=-7 --with-gmp=/usr/local/opt/gmp --with-mpfr=/usr/local/opt/mpfr --with-mpc=/usr/local/opt/libmpc --with-isl=/usr/local/opt/isl --with-ld=/usr/bin/ld --with-system-zlib --enable-checking=release --with-pkgversion='Homebrew GCC 7.2.0' --with-bugurl=https://github.com/Homebrew/homebrew-core/issues --disable-nls
Thread model: posix
gcc version 7.2.0 (Homebrew GCC 7.2.0) 
COLLECT_GCC_OPTIONS='-c' '-fno-math-errno' '-fno-trapping-math' '-fno-trapv' '-fno-openmp' '-fno-openacc' '-march=sandybridge' '-mno-3dnow' '-msse2' '-msse3' '-mssse3' '-mno-sse4a' '-mcx16' '-msahf' '-mno-movbe' '-mno-sha' '-mpclmul' '-mpopcnt' '-mno-abm' '-mno-lwp' '-mno-fma' '-mno-fma4' '-mno-xop' '-mno-bmi' '-mno-sgx' '-mno-bmi2' '-mno-tbm' '-mavx' '-mno-avx2' '-msse4.2' '-msse4.1' '-mno-lzcnt' '-mno-rtm' '-mno-hle' '-mno-rdrnd' '-mno-f16c' '-mno-fsgsbase' '-mno-rdseed' '-mno-prfchw' '-mno-adx' '-mfxsr' '-mxsave' '-mxsaveopt' '-mno-avx512f' '-mno-avx512er' '-mno-avx512cd' '-mno-avx512pf' '-mno-prefetchwt1' '-mno-clflushopt' '-mno-xsavec' '-mno-xsaves' '-mno-avx512dq' '-mno-avx512bw' '-mno-avx512vl' '-mno-avx512ifma' '-mno-avx512vbmi' '-mno-avx5124fmaps' '-mno-avx5124vnniw' '-mno-clwb' '-mno-mwaitx' '-mno-clzero' '-mno-pku' '-mno-rdpid' '-mtune=sandybridge' '-fPIC' '-mmacosx-version-min=10.13' '-Ofast' '-Ofast' '-ffp-contract=fast' '-ffp-contract=fast' '-fomit-frame-pointer' '-funroll-loops' '-Ofast' '-ffp-contract=fast' '-march=native' '-ffast-math' '-Ofast' '-fno-signed-zeros' '-ffp-contract=fast' '-mmmx' '-msse' '-maes' '-march=native' '-v' '-mmacosx-version-min=10.13' '-shared-libgcc' '-fltrans-output-list=/tmp/openmpi/ccl9Ak1V.ltrans.out' '-fltrans' '-o' '/tmp/openmpi/ccl9Ak1V.ltrans0.ltrans.o' '-asm_macosx_version_min=10.13'
 /usr/local/Cellar/gcc/7.2.0/libexec/gcc/x86_64-apple-darwin17.0.0/7.2.0/lto1 -march=sandybridge -mmmx -mno-3dnow -msse -msse2 -msse3 -mssse3 -mno-sse4a -mcx16 -msahf -mno-movbe -maes -mno-sha -mpclmul -mpopcnt -mno-abm -mno-lwp -mno-fma -mno-fma4 -mno-xop -mno-bmi -mno-sgx -mno-bmi2 -mno-tbm -mavx -mno-avx2 -msse4.2 -msse4.1 -mno-lzcnt -mno-rtm -mno-hle -mno-rdrnd -mno-f16c -mno-fsgsbase -mno-rdseed -mno-prfchw -mno-adx -mfxsr -mxsave -mxsaveopt -mno-avx512f -mno-avx512er -mno-avx512cd -mno-avx512pf -mno-prefetchwt1 -mno-clflushopt -mno-xsavec -mno-xsaves -mno-avx512dq -mno-avx512bw -mno-avx512vl -mno-avx512ifma -mno-avx512vbmi -mno-avx5124fmaps -mno-avx5124vnniw -mno-clwb -mno-mwaitx -mno-clzero -mno-pku -mno-rdpid -fPIC -quiet -dumpbase ccl9Ak1V.ltrans0.o -march=sandybridge -mno-3dnow -msse2 -msse3 -mssse3 -mno-sse4a -mcx16 -msahf -mno-movbe -mno-sha -mpclmul -mpopcnt -mno-abm -mno-lwp -mno-fma -mno-fma4 -mno-xop -mno-bmi -mno-sgx -mno-bmi2 -mno-tbm -mavx -mno-avx2 -msse4.2 -msse4.1 -mno-lzcnt -mno-rtm -mno-hle -mno-rdrnd -mno-f16c -mno-fsgsbase -mno-rdseed -mno-prfchw -mno-adx -mfxsr -mxsave -mxsaveopt -mno-avx512f -mno-avx512er -mno-avx512cd -mno-avx512pf -mno-prefetchwt1 -mno-clflushopt -mno-xsavec -mno-xsaves -mno-avx512dq -mno-avx512bw -mno-avx512vl -mno-avx512ifma -mno-avx512vbmi -mno-avx5124fmaps -mno-avx5124vnniw -mno-clwb -mno-mwaitx -mno-clzero -mno-pku -mno-rdpid -mtune=sandybridge -mmacosx-version-min=10.13 -mmmx -msse -maes -mmacosx-version-min=10.13 -auxbase-strip /tmp/openmpi/ccl9Ak1V.ltrans0.ltrans.o -Ofast -Ofast -Ofast -Ofast -version -fno-math-errno -fno-trapping-math -fno-trapv -fno-openmp -fno-openacc -fPIC -ffp-contract=fast -ffp-contract=fast -fomit-frame-pointer -funroll-loops -ffp-contract=fast -ffast-math -fno-signed-zeros -ffp-contract=fast -fltrans-output-list=/tmp/openmpi/ccl9Ak1V.ltrans.out -fltrans @/tmp/openmpi/ccGbe8dO -o /tmp/openmpi/ccnaNUVE.s
GNU GIMPLE (Homebrew GCC 7.2.0) version 7.2.0 (x86_64-apple-darwin17.0.0)
	compiled by GNU C version 7.2.0, GMP version 6.1.2, MPFR version 3.1.5, MPC version 1.0.3, isl version isl-0.18-GMP

warning: MPFR header version 3.1.5 differs from library version 3.1.6.
GGC heuristics: --param ggc-min-expand=100 --param ggc-min-heapsize=131072
GNU GIMPLE (Homebrew GCC 7.2.0) version 7.2.0 (x86_64-apple-darwin17.0.0)
	compiled by GNU C version 7.2.0, GMP version 6.1.2, MPFR version 3.1.5, MPC version 1.0.3, isl version isl-0.18-GMP

warning: MPFR header version 3.1.5 differs from library version 3.1.6.
GGC heuristics: --param ggc-min-expand=100 --param ggc-min-heapsize=131072
COLLECT_GCC_OPTIONS='-c' '-fno-math-errno' '-fno-trapping-math' '-fno-trapv' '-fno-openmp' '-fno-openacc' '-march=sandybridge' '-mno-3dnow' '-msse2' '-msse3' '-mssse3' '-mno-sse4a' '-mcx16' '-msahf' '-mno-movbe' '-mno-sha' '-mpclmul' '-mpopcnt' '-mno-abm' '-mno-lwp' '-mno-fma' '-mno-fma4' '-mno-xop' '-mno-bmi' '-mno-sgx' '-mno-bmi2' '-mno-tbm' '-mavx' '-mno-avx2' '-msse4.2' '-msse4.1' '-mno-lzcnt' '-mno-rtm' '-mno-hle' '-mno-rdrnd' '-mno-f16c' '-mno-fsgsbase' '-mno-rdseed' '-mno-prfchw' '-mno-adx' '-mfxsr' '-mxsave' '-mxsaveopt' '-mno-avx512f' '-mno-avx512er' '-mno-avx512cd' '-mno-avx512pf' '-mno-prefetchwt1' '-mno-clflushopt' '-mno-xsavec' '-mno-xsaves' '-mno-avx512dq' '-mno-avx512bw' '-mno-avx512vl' '-mno-avx512ifma' '-mno-avx512vbmi' '-mno-avx5124fmaps' '-mno-avx5124vnniw' '-mno-clwb' '-mno-mwaitx' '-mno-clzero' '-mno-pku' '-mno-rdpid' '-mtune=sandybridge' '-fPIC' '-mmacosx-version-min=10.13' '-Ofast' '-Ofast' '-ffp-contract=fast' '-ffp-contract=fast' '-fomit-frame-pointer' '-funroll-loops' '-Ofast' '-ffp-contract=fast' '-march=native' '-ffast-math' '-Ofast' '-fno-signed-zeros' '-ffp-contract=fast' '-mmmx' '-msse' '-maes' '-march=native' '-v' '-mmacosx-version-min=10.13' '-shared-libgcc' '-fltrans-output-list=/tmp/openmpi/ccl9Ak1V.ltrans.out' '-fltrans' '-o' '/tmp/openmpi/ccl9Ak1V.ltrans0.ltrans.o' 
 as -arch x86_64 -v -force_cpusubtype_ALL -mmacosx-version-min=10.13 -o /tmp/openmpi/ccl9Ak1V.ltrans0.ltrans.o /tmp/openmpi/ccnaNUVE.s
Apple LLVM version 9.0.0 (clang-900.0.22.8)
Target: x86_64-apple-darwin17.0.0
Thread model: posix
InstalledDir: /Applications/Xcode.app/Contents/Developer/Toolchains/XcodeDefault.xctoolchain/usr/bin
Found CUDA installation: /usr/local/cuda, version 8.0
 "/Applications/Xcode.app/Contents/Developer/Toolchains/XcodeDefault.xctoolchain/usr/bin/clang" -cc1as -triple x86_64-apple-macosx10.13.0 -filetype obj -main-file-name ccnaNUVE.s -target-cpu penryn -fdebug-compilation-dir /Users/dojo/Library/Caches/Homebrew/lapack-3.7.1/CMakeFiles/3.9.2/CompilerIdFortran -dwarf-debug-producer Apple LLVM version 9.0.0 (clang-900.0.22.8) -dwarf-version=4 -mrelocation-model pic -o /tmp/openmpi/ccl9Ak1V.ltrans0.ltrans.o /tmp/openmpi/ccnaNUVE.s
COMPILER_PATH=/usr/local/Cellar/gcc/7.2.0/libexec/gcc/x86_64-apple-darwin17.0.0/7.2.0/:/usr/local/Cellar/gcc/7.2.0/libexec/gcc/x86_64-apple-darwin17.0.0/7.2.0/:/usr/local/Cellar/gcc/7.2.0/libexec/gcc/x86_64-apple-darwin17.0.0/:/usr/local/Cellar/gcc/7.2.0/lib/gcc/7/gcc/x86_64-apple-darwin17.0.0/7.2.0/:/usr/local/Cellar/gcc/7.2.0/lib/gcc/7/gcc/x86_64-apple-darwin17.0.0/:/usr/local/Cellar/gcc/7.2.0/libexec/gcc/x86_64-apple-darwin17.0.0/7.2.0/:/usr/local/Cellar/gcc/7.2.0/libexec/gcc/x86_64-apple-darwin17.0.0/7.2.0/:/usr/local/Cellar/gcc/7.2.0/libexec/gcc/x86_64-apple-darwin17.0.0/:/usr/local/Cellar/gcc/7.2.0/lib/gcc/7/gcc/x86_64-apple-darwin17.0.0/7.2.0/:/usr/local/Cellar/gcc/7.2.0/lib/gcc/7/gcc/x86_64-apple-darwin17.0.0/
LIBRARY_PATH=/usr/local/Cellar/gcc/7.2.0/lib/gcc/7/gcc/x86_64-apple-darwin17.0.0/7.2.0/:/usr/local/Cellar/gcc/7.2.0/lib/gcc/7/gcc/x86_64-apple-darwin17.0.0/7.2.0/../../../:/usr/local/Cellar/gcc/7.2.0/lib/gcc/7/gcc/x86_64-apple-darwin17.0.0/7.2.0/:/usr/local/Cellar/gcc/7.2.0/lib/gcc/7/gcc/x86_64-apple-darwin17.0.0/7.2.0/../../../
COLLECT_GCC_OPTIONS='-c' '-fno-math-errno' '-fno-trapping-math' '-fno-trapv' '-fno-openmp' '-fno-openacc' '-march=sandybridge' '-mno-3dnow' '-msse2' '-msse3' '-mssse3' '-mno-sse4a' '-mcx16' '-msahf' '-mno-movbe' '-mno-sha' '-mpclmul' '-mpopcnt' '-mno-abm' '-mno-lwp' '-mno-fma' '-mno-fma4' '-mno-xop' '-mno-bmi' '-mno-sgx' '-mno-bmi2' '-mno-tbm' '-mavx' '-mno-avx2' '-msse4.2' '-msse4.1' '-mno-lzcnt' '-mno-rtm' '-mno-hle' '-mno-rdrnd' '-mno-f16c' '-mno-fsgsbase' '-mno-rdseed' '-mno-prfchw' '-mno-adx' '-mfxsr' '-mxsave' '-mxsaveopt' '-mno-avx512f' '-mno-avx512er' '-mno-avx512cd' '-mno-avx512pf' '-mno-prefetchwt1' '-mno-clflushopt' '-mno-xsavec' '-mno-xsaves' '-mno-avx512dq' '-mno-avx512bw' '-mno-avx512vl' '-mno-avx512ifma' '-mno-avx512vbmi' '-mno-avx5124fmaps' '-mno-avx5124vnniw' '-mno-clwb' '-mno-mwaitx' '-mno-clzero' '-mno-pku' '-mno-rdpid' '-mtune=sandybridge' '-fPIC' '-mmacosx-version-min=10.13' '-Ofast' '-Ofast' '-ffp-contract=fast' '-ffp-contract=fast' '-fomit-frame-pointer' '-funroll-loops' '-Ofast' '-ffp-contract=fast' '-march=native' '-ffast-math' '-Ofast' '-fno-signed-zeros' '-ffp-contract=fast' '-mmmx' '-msse' '-maes' '-march=native' '-v' '-mmacosx-version-min=10.13' '-shared-libgcc' '-fltrans-output-list=/tmp/openmpi/ccl9Ak1V.ltrans.out' '-fltrans' '-o' '/tmp/openmpi/ccl9Ak1V.ltrans0.ltrans.o' 
/usr/bin/ld -dynamic -arch x86_64 -macosx_version_min 10.13 -weak_reference_mismatches non-weak -o a.out -L/usr/local/Cellar/gcc/7.2.0/lib/gcc/7/gcc/x86_64-apple-darwin17.0.0/7.2.0 -L/usr/local/Cellar/gcc/7.2.0/lib/gcc/7/gcc/x86_64-apple-darwin17.0.0/7.2.0/../../.. /tmp/openmpi/ccl9Ak1V.ltrans0.ltrans.o -lgfortran -no_compact_unwind -lSystem -lgcc_ext.10.5 -lgcc -lquadmath -lm -lgcc_ext.10.5 -lgcc -lSystem /usr/local/Cellar/gcc/7.2.0/lib/gcc/7/gcc/x86_64-apple-darwin17.0.0/7.2.0/crtfastmath.o -v
@(#)PROGRAM:ld  PROJECT:ld64-301.1
configured to support archs: armv6 armv7 armv7s arm64 i386 x86_64 x86_64h armv6m armv7k armv7m armv7em (tvOS)
Library search paths:
	/usr/local/Cellar/gcc/7.2.0/lib/gcc/7/gcc/x86_64-apple-darwin17.0.0/7.2.0
	/usr/local/Cellar/gcc/7.2.0/lib/gcc/7
	/usr/lib
	/usr/local/lib
Framework search paths:
	/Library/Frameworks/
	/System/Library/Frameworks/


Compilation of the Fortran compiler identification source "CMakeFortranCompilerId.F" produced "a.out"

The Fortran compiler identification is GNU, found in "/Users/dojo/Library/Caches/Homebrew/lapack-3.7.1/CMakeFiles/3.9.2/CompilerIdFortran/a.out"

Compiling the C compiler identification source file "CMakeCCompilerId.c" succeeded.
Compiler: /usr/local/bin/mpicc 
Build flags: -fomit-frame-pointer;-funroll-loops;;-ffast-math;-Ofast;-fno-signed-zeros;-ffp-contract=fast;-mmmx;-msse;-flto;-maes;-march=native;;-march=native
Id flags:  

The output was:
0


Compilation of the C compiler identification source "CMakeCCompilerId.c" produced "a.out"

The C compiler identification is Clang, found in "/Users/dojo/Library/Caches/Homebrew/lapack-3.7.1/CMakeFiles/3.9.2/CompilerIdC/a.out"

Determining if the Fortran compiler works passed with the following output:
Change Dir: /Users/dojo/Library/Caches/Homebrew/lapack-3.7.1/CMakeFiles/CMakeTmp

Run Build Command:"/usr/local/opt/make/bin/gmake" "cmTC_1ef2d/fast"
/usr/local/opt/make/bin/gmake -f CMakeFiles/cmTC_1ef2d.dir/build.make CMakeFiles/cmTC_1ef2d.dir/build
gmake[1]: Entering directory '/Users/dojo/Library/Caches/Homebrew/lapack-3.7.1/CMakeFiles/CMakeTmp'
Building Fortran object CMakeFiles/cmTC_1ef2d.dir/testFortranCompiler.f.o
/usr/local/bin/gfortran   -fomit-frame-pointer -funroll-loops  -ffast-math -Ofast -fno-signed-zeros -ffp-contract=fast -mmmx -msse -flto -maes -march=native   -ffast-math -Ofast -fno-signed-zeros -ffp-contract=fast -mmmx -msse -flto -maes -march=native  -isysroot /Applications/Xcode.app/Contents/Developer/Platforms/MacOSX.platform/Developer/SDKs/MacOSX10.13.sdk -mmacosx-version-min=10.13   -c /Users/dojo/Library/Caches/Homebrew/lapack-3.7.1/CMakeFiles/CMakeTmp/testFortranCompiler.f -o CMakeFiles/cmTC_1ef2d.dir/testFortranCompiler.f.o
Linking Fortran executable cmTC_1ef2d
/usr/local/Cellar/cmake/3.9.2/bin/cmake -E cmake_link_script CMakeFiles/cmTC_1ef2d.dir/link.txt --verbose=1
/usr/local/bin/gfortran  -L/usr/local/opt/lapack/lib -L/usr/local/opt/openblas/lib -L/usr/local/opt/llvm/lib -L/usr/local/opt/sqlite/lib -L/usr/local/opt/readline/lib -L/usr/local/opt/openssl@1.1/lib  -fomit-frame-pointer -funroll-loops  -ffast-math -Ofast -fno-signed-zeros -ffp-contract=fast -mmmx -msse -flto -maes -march=native   -ffast-math -Ofast -fno-signed-zeros -ffp-contract=fast -mmmx -msse -flto -maes -march=native  -isysroot /Applications/Xcode.app/Contents/Developer/Platforms/MacOSX.platform/Developer/SDKs/MacOSX10.13.sdk -mmacosx-version-min=10.13 CMakeFiles/cmTC_1ef2d.dir/testFortranCompiler.f.o  -o cmTC_1ef2d 
ld: warning: directory not found for option '-L/usr/local/opt/lapack/lib'
ld: warning: directory not found for option '-L/usr/local/opt/openblas/lib'
ld: warning: directory not found for option '-L/usr/local/opt/lapack/lib'
ld: warning: directory not found for option '-L/usr/local/opt/openblas/lib'
gmake[1]: Leaving directory '/Users/dojo/Library/Caches/Homebrew/lapack-3.7.1/CMakeFiles/CMakeTmp'


Detecting Fortran compiler ABI info compiled with the following output:
Change Dir: /Users/dojo/Library/Caches/Homebrew/lapack-3.7.1/CMakeFiles/CMakeTmp

Run Build Command:"/usr/local/opt/make/bin/gmake" "cmTC_c73c5/fast"
/usr/local/opt/make/bin/gmake -f CMakeFiles/cmTC_c73c5.dir/build.make CMakeFiles/cmTC_c73c5.dir/build
gmake[1]: Entering directory '/Users/dojo/Library/Caches/Homebrew/lapack-3.7.1/CMakeFiles/CMakeTmp'
Building Fortran object CMakeFiles/cmTC_c73c5.dir/CMakeFortranCompilerABI.F.o
/usr/local/bin/gfortran   -fomit-frame-pointer -funroll-loops  -ffast-math -Ofast -fno-signed-zeros -ffp-contract=fast -mmmx -msse -flto -maes -march=native   -ffast-math -Ofast -fno-signed-zeros -ffp-contract=fast -mmmx -msse -flto -maes -march=native  -isysroot /Applications/Xcode.app/Contents/Developer/Platforms/MacOSX.platform/Developer/SDKs/MacOSX10.13.sdk -mmacosx-version-min=10.13   -c /usr/local/Cellar/cmake/3.9.2/share/cmake/Modules/CMakeFortranCompilerABI.F -o CMakeFiles/cmTC_c73c5.dir/CMakeFortranCompilerABI.F.o
Linking Fortran executable cmTC_c73c5
/usr/local/Cellar/cmake/3.9.2/bin/cmake -E cmake_link_script CMakeFiles/cmTC_c73c5.dir/link.txt --verbose=1
/usr/local/bin/gfortran  -L/usr/local/opt/lapack/lib -L/usr/local/opt/openblas/lib -L/usr/local/opt/llvm/lib -L/usr/local/opt/sqlite/lib -L/usr/local/opt/readline/lib -L/usr/local/opt/openssl@1.1/lib -v -Wl,-v -fomit-frame-pointer -funroll-loops  -ffast-math -Ofast -fno-signed-zeros -ffp-contract=fast -mmmx -msse -flto -maes -march=native   -ffast-math -Ofast -fno-signed-zeros -ffp-contract=fast -mmmx -msse -flto -maes -march=native  -isysroot /Applications/Xcode.app/Contents/Developer/Platforms/MacOSX.platform/Developer/SDKs/MacOSX10.13.sdk -mmacosx-version-min=10.13 CMakeFiles/cmTC_c73c5.dir/CMakeFortranCompilerABI.F.o  -o cmTC_c73c5 
Driving: /usr/local/bin/gfortran -L/usr/local/opt/lapack/lib -L/usr/local/opt/openblas/lib -L/usr/local/opt/llvm/lib -L/usr/local/opt/sqlite/lib -L/usr/local/opt/readline/lib -L/usr/local/opt/openssl@1.1/lib -v -Wl,-v -fomit-frame-pointer -funroll-loops -Ofast -ffp-contract=fast -march=native -ffast-math -Ofast -fno-signed-zeros -ffp-contract=fast -mmmx -msse -flto -maes -march=native -isysroot /Applications/Xcode.app/Contents/Developer/Platforms/MacOSX.platform/Developer/SDKs/MacOSX10.13.sdk -mmacosx-version-min=10.13 CMakeFiles/cmTC_c73c5.dir/CMakeFortranCompilerABI.F.o -o cmTC_c73c5 -asm_macosx_version_min=10.13 -l gfortran -shared-libgcc
Using built-in specs.
COLLECT_GCC=/usr/local/bin/gfortran
COLLECT_LTO_WRAPPER=/usr/local/Cellar/gcc/7.2.0/libexec/gcc/x86_64-apple-darwin17.0.0/7.2.0/lto-wrapper
Target: x86_64-apple-darwin17.0.0
Configured with: ../configure --build=x86_64-apple-darwin17.0.0 --prefix=/usr/local/Cellar/gcc/7.2.0 --libdir=/usr/local/Cellar/gcc/7.2.0/lib/gcc/7 --enable-languages=c,c++,objc,obj-c++,fortran,jit --enable-host-shared --program-suffix=-7 --with-gmp=/usr/local/opt/gmp --with-mpfr=/usr/local/opt/mpfr --with-mpc=/usr/local/opt/libmpc --with-isl=/usr/local/opt/isl --with-ld=/usr/bin/ld --with-system-zlib --enable-checking=release --with-pkgversion='Homebrew GCC 7.2.0' --with-bugurl=https://github.com/Homebrew/homebrew-core/issues --disable-nls
Thread model: posix
gcc version 7.2.0 (Homebrew GCC 7.2.0) 
Reading specs from /usr/local/Cellar/gcc/7.2.0/lib/gcc/7/gcc/x86_64-apple-darwin17.0.0/7.2.0/../../../libgfortran.spec
rename spec lib to liborig
COLLECT_GCC_OPTIONS='-L/usr/local/opt/lapack/lib' '-L/usr/local/opt/openblas/lib' '-L/usr/local/opt/llvm/lib' '-L/usr/local/opt/sqlite/lib' '-L/usr/local/opt/readline/lib' '-L/usr/local/opt/openssl@1.1/lib' '-v' '-fomit-frame-pointer' '-funroll-loops' '-Ofast' '-ffp-contract=fast' '-march=native' '-ffast-math' '-Ofast' '-fno-signed-zeros' '-ffp-contract=fast' '-mmmx' '-msse' '-flto' '-maes' '-march=native' '-isysroot' '/Applications/Xcode.app/Contents/Developer/Platforms/MacOSX.platform/Developer/SDKs/MacOSX10.13.sdk' '-mmacosx-version-min=10.13' '-o' 'cmTC_c73c5' '-asm_macosx_version_min=10.13' '-shared-libgcc'
COMPILER_PATH=/usr/local/Cellar/gcc/7.2.0/libexec/gcc/x86_64-apple-darwin17.0.0/7.2.0/:/usr/local/Cellar/gcc/7.2.0/libexec/gcc/x86_64-apple-darwin17.0.0/7.2.0/:/usr/local/Cellar/gcc/7.2.0/libexec/gcc/x86_64-apple-darwin17.0.0/:/usr/local/Cellar/gcc/7.2.0/lib/gcc/7/gcc/x86_64-apple-darwin17.0.0/7.2.0/:/usr/local/Cellar/gcc/7.2.0/lib/gcc/7/gcc/x86_64-apple-darwin17.0.0/
LIBRARY_PATH=/usr/local/Cellar/gcc/7.2.0/lib/gcc/7/gcc/x86_64-apple-darwin17.0.0/7.2.0/:/usr/local/Cellar/gcc/7.2.0/lib/gcc/7/gcc/x86_64-apple-darwin17.0.0/7.2.0/../../../
COLLECT_GCC_OPTIONS='-L/usr/local/opt/lapack/lib' '-L/usr/local/opt/openblas/lib' '-L/usr/local/opt/llvm/lib' '-L/usr/local/opt/sqlite/lib' '-L/usr/local/opt/readline/lib' '-L/usr/local/opt/openssl@1.1/lib' '-v' '-fomit-frame-pointer' '-funroll-loops' '-Ofast' '-ffp-contract=fast' '-march=native' '-ffast-math' '-Ofast' '-fno-signed-zeros' '-ffp-contract=fast' '-mmmx' '-msse' '-flto' '-maes' '-march=native' '-isysroot' '/Applications/Xcode.app/Contents/Developer/Platforms/MacOSX.platform/Developer/SDKs/MacOSX10.13.sdk' '-mmacosx-version-min=10.13' '-o' 'cmTC_c73c5' '-asm_macosx_version_min=10.13' '-shared-libgcc'
 /usr/local/Cellar/gcc/7.2.0/libexec/gcc/x86_64-apple-darwin17.0.0/7.2.0/collect2 -flto -dynamic -arch x86_64 -macosx_version_min 10.13 -syslibroot /Applications/Xcode.app/Contents/Developer/Platforms/MacOSX.platform/Developer/SDKs/MacOSX10.13.sdk -weak_reference_mismatches non-weak -o cmTC_c73c5 -L/usr/local/opt/lapack/lib -L/usr/local/opt/openblas/lib -L/usr/local/opt/llvm/lib -L/usr/local/opt/sqlite/lib -L/usr/local/opt/readline/lib -L/usr/local/opt/openssl@1.1/lib -L/usr/local/Cellar/gcc/7.2.0/lib/gcc/7/gcc/x86_64-apple-darwin17.0.0/7.2.0 -L/usr/local/Cellar/gcc/7.2.0/lib/gcc/7/gcc/x86_64-apple-darwin17.0.0/7.2.0/../../.. -v CMakeFiles/cmTC_c73c5.dir/CMakeFortranCompilerABI.F.o -lgfortran -no_compact_unwind -lSystem -lgcc_ext.10.5 -lgcc -lquadmath -lm -lgcc_ext.10.5 -lgcc -lSystem /usr/local/Cellar/gcc/7.2.0/lib/gcc/7/gcc/x86_64-apple-darwin17.0.0/7.2.0/crtfastmath.o -v
collect2 version 7.2.0
/usr/bin/ld -dynamic -arch x86_64 -macosx_version_min 10.13 -syslibroot /Applications/Xcode.app/Contents/Developer/Platforms/MacOSX.platform/Developer/SDKs/MacOSX10.13.sdk -weak_reference_mismatches non-weak -o cmTC_c73c5 -L/usr/local/opt/lapack/lib -L/usr/local/opt/openblas/lib -L/usr/local/opt/llvm/lib -L/usr/local/opt/sqlite/lib -L/usr/local/opt/readline/lib -L/usr/local/opt/openssl@1.1/lib -L/usr/local/Cellar/gcc/7.2.0/lib/gcc/7/gcc/x86_64-apple-darwin17.0.0/7.2.0 -L/usr/local/Cellar/gcc/7.2.0/lib/gcc/7/gcc/x86_64-apple-darwin17.0.0/7.2.0/../../.. -v CMakeFiles/cmTC_c73c5.dir/CMakeFortranCompilerABI.F.o -lgfortran -no_compact_unwind -lSystem -lgcc_ext.10.5 -lgcc -lquadmath -lm -lgcc_ext.10.5 -lgcc -lSystem /usr/local/Cellar/gcc/7.2.0/lib/gcc/7/gcc/x86_64-apple-darwin17.0.0/7.2.0/crtfastmath.o -v
@(#)PROGRAM:ld  PROJECT:ld64-301.1
configured to support archs: armv6 armv7 armv7s arm64 i386 x86_64 x86_64h armv6m armv7k armv7m armv7em (tvOS)
@(#)PROGRAM:ld  PROJECT:ld64-301.1
configured to support archs: armv6 armv7 armv7s arm64 i386 x86_64 x86_64h armv6m armv7k armv7m armv7em (tvOS)
ld: warning: directory not found for option '-L/usr/local/opt/lapack/lib'
ld: warning: directory not found for option '-L/usr/local/opt/openblas/lib'
Library search paths:
	/usr/local/opt/llvm/lib
	/usr/local/opt/sqlite/lib
	/usr/local/opt/readline/lib
	/usr/local/opt/openssl@1.1/lib
	/usr/local/Cellar/gcc/7.2.0/lib/gcc/7/gcc/x86_64-apple-darwin17.0.0/7.2.0
	/usr/local/Cellar/gcc/7.2.0/lib/gcc/7
	/Applications/Xcode.app/Contents/Developer/Platforms/MacOSX.platform/Developer/SDKs/MacOSX10.13.sdk/usr/lib
Framework search paths:
	/Applications/Xcode.app/Contents/Developer/Platforms/MacOSX.platform/Developer/SDKs/MacOSX10.13.sdk/System/Library/Frameworks/
 /usr/local/opt/binutils/bin/gnm -n CMakeFiles/cmTC_c73c5.dir/CMakeFortranCompilerABI.F.o
 /usr/local/opt/binutils/bin/gnm -n /usr/local/Cellar/gcc/7.2.0/lib/gcc/7/gcc/x86_64-apple-darwin17.0.0/7.2.0/crtfastmath.o
/usr/local/Cellar/gcc/7.2.0/libexec/gcc/x86_64-apple-darwin17.0.0/7.2.0/lto-wrapper CMakeFiles/cmTC_c73c5.dir/CMakeFortranCompilerABI.F.o
/usr/local/bin/gfortran @/tmp/openmpi/ccKqhjta
Using built-in specs.
COLLECT_GCC=/usr/local/bin/gfortran
Target: x86_64-apple-darwin17.0.0
Configured with: ../configure --build=x86_64-apple-darwin17.0.0 --prefix=/usr/local/Cellar/gcc/7.2.0 --libdir=/usr/local/Cellar/gcc/7.2.0/lib/gcc/7 --enable-languages=c,c++,objc,obj-c++,fortran,jit --enable-host-shared --program-suffix=-7 --with-gmp=/usr/local/opt/gmp --with-mpfr=/usr/local/opt/mpfr --with-mpc=/usr/local/opt/libmpc --with-isl=/usr/local/opt/isl --with-ld=/usr/bin/ld --with-system-zlib --enable-checking=release --with-pkgversion='Homebrew GCC 7.2.0' --with-bugurl=https://github.com/Homebrew/homebrew-core/issues --disable-nls
Thread model: posix
gcc version 7.2.0 (Homebrew GCC 7.2.0) 
COLLECT_GCC_OPTIONS='-c' '-fno-math-errno' '-fno-trapping-math' '-fno-trapv' '-fno-openmp' '-fno-openacc' '-march=sandybridge' '-mno-3dnow' '-msse2' '-msse3' '-mssse3' '-mno-sse4a' '-mcx16' '-msahf' '-mno-movbe' '-mno-sha' '-mpclmul' '-mpopcnt' '-mno-abm' '-mno-lwp' '-mno-fma' '-mno-fma4' '-mno-xop' '-mno-bmi' '-mno-sgx' '-mno-bmi2' '-mno-tbm' '-mavx' '-mno-avx2' '-msse4.2' '-msse4.1' '-mno-lzcnt' '-mno-rtm' '-mno-hle' '-mno-rdrnd' '-mno-f16c' '-mno-fsgsbase' '-mno-rdseed' '-mno-prfchw' '-mno-adx' '-mfxsr' '-mxsave' '-mxsaveopt' '-mno-avx512f' '-mno-avx512er' '-mno-avx512cd' '-mno-avx512pf' '-mno-prefetchwt1' '-mno-clflushopt' '-mno-xsavec' '-mno-xsaves' '-mno-avx512dq' '-mno-avx512bw' '-mno-avx512vl' '-mno-avx512ifma' '-mno-avx512vbmi' '-mno-avx5124fmaps' '-mno-avx5124vnniw' '-mno-clwb' '-mno-mwaitx' '-mno-clzero' '-mno-pku' '-mno-rdpid' '-mtune=sandybridge' '-fPIC' '-mmacosx-version-min=10.13' '-Ofast' '-Ofast' '-ffp-contract=fast' '-ffp-contract=fast' '-L/usr/local/opt/lapack/lib' '-L/usr/local/opt/openblas/lib' '-L/usr/local/opt/llvm/lib' '-L/usr/local/opt/sqlite/lib' '-L/usr/local/opt/readline/lib' '-L/usr/local/opt/openssl@1.1/lib' '-v' '-fomit-frame-pointer' '-funroll-loops' '-Ofast' '-ffp-contract=fast' '-march=native' '-ffast-math' '-Ofast' '-fno-signed-zeros' '-ffp-contract=fast' '-mmmx' '-msse' '-maes' '-march=native' '-mmacosx-version-min=10.13' '-asm_macosx_version_min=10.13' '-shared-libgcc' '-dumpdir' './' '-dumpbase' 'cmTC_c73c5.wpa' '-fltrans-output-list=/tmp/openmpi/ccvPMYWz.ltrans.out' '-fwpa' '-asm_macosx_version_min=10.13'
 /usr/local/Cellar/gcc/7.2.0/libexec/gcc/x86_64-apple-darwin17.0.0/7.2.0/lto1 -march=sandybridge -mmmx -mno-3dnow -msse -msse2 -msse3 -mssse3 -mno-sse4a -mcx16 -msahf -mno-movbe -maes -mno-sha -mpclmul -mpopcnt -mno-abm -mno-lwp -mno-fma -mno-fma4 -mno-xop -mno-bmi -mno-sgx -mno-bmi2 -mno-tbm -mavx -mno-avx2 -msse4.2 -msse4.1 -mno-lzcnt -mno-rtm -mno-hle -mno-rdrnd -mno-f16c -mno-fsgsbase -mno-rdseed -mno-prfchw -mno-adx -mfxsr -mxsave -mxsaveopt -mno-avx512f -mno-avx512er -mno-avx512cd -mno-avx512pf -mno-prefetchwt1 -mno-clflushopt -mno-xsavec -mno-xsaves -mno-avx512dq -mno-avx512bw -mno-avx512vl -mno-avx512ifma -mno-avx512vbmi -mno-avx5124fmaps -mno-avx5124vnniw -mno-clwb -mno-mwaitx -mno-clzero -mno-pku -mno-rdpid -fPIC -quiet -dumpdir ./ -dumpbase cmTC_c73c5.wpa -march=sandybridge -mno-3dnow -msse2 -msse3 -mssse3 -mno-sse4a -mcx16 -msahf -mno-movbe -mno-sha -mpclmul -mpopcnt -mno-abm -mno-lwp -mno-fma -mno-fma4 -mno-xop -mno-bmi -mno-sgx -mno-bmi2 -mno-tbm -mavx -mno-avx2 -msse4.2 -msse4.1 -mno-lzcnt -mno-rtm -mno-hle -mno-rdrnd -mno-f16c -mno-fsgsbase -mno-rdseed -mno-prfchw -mno-adx -mfxsr -mxsave -mxsaveopt -mno-avx512f -mno-avx512er -mno-avx512cd -mno-avx512pf -mno-prefetchwt1 -mno-clflushopt -mno-xsavec -mno-xsaves -mno-avx512dq -mno-avx512bw -mno-avx512vl -mno-avx512ifma -mno-avx512vbmi -mno-avx5124fmaps -mno-avx5124vnniw -mno-clwb -mno-mwaitx -mno-clzero -mno-pku -mno-rdpid -mtune=sandybridge -mmacosx-version-min=10.13 -mmmx -msse -maes -mmacosx-version-min=10.13 -auxbase CMakeFortranCompilerABI.F -Ofast -Ofast -Ofast -Ofast -version -fno-math-errno -fno-trapping-math -fno-trapv -fno-openmp -fno-openacc -fPIC -ffp-contract=fast -ffp-contract=fast -fomit-frame-pointer -funroll-loops -ffp-contract=fast -ffast-math -fno-signed-zeros -ffp-contract=fast -fltrans-output-list=/tmp/openmpi/ccvPMYWz.ltrans.out -fwpa @/tmp/openmpi/ccE5oJO5
GNU GIMPLE (Homebrew GCC 7.2.0) version 7.2.0 (x86_64-apple-darwin17.0.0)
	compiled by GNU C version 7.2.0, GMP version 6.1.2, MPFR version 3.1.5, MPC version 1.0.3, isl version isl-0.18-GMP

warning: MPFR header version 3.1.5 differs from library version 3.1.6.
GGC heuristics: --param ggc-min-expand=100 --param ggc-min-heapsize=131072
GNU GIMPLE (Homebrew GCC 7.2.0) version 7.2.0 (x86_64-apple-darwin17.0.0)
	compiled by GNU C version 7.2.0, GMP version 6.1.2, MPFR version 3.1.5, MPC version 1.0.3, isl version isl-0.18-GMP

warning: MPFR header version 3.1.5 differs from library version 3.1.6.
GGC heuristics: --param ggc-min-expand=100 --param ggc-min-heapsize=131072
COMPILER_PATH=/usr/local/Cellar/gcc/7.2.0/libexec/gcc/x86_64-apple-darwin17.0.0/7.2.0/:/usr/local/Cellar/gcc/7.2.0/libexec/gcc/x86_64-apple-darwin17.0.0/7.2.0/:/usr/local/Cellar/gcc/7.2.0/libexec/gcc/x86_64-apple-darwin17.0.0/:/usr/local/Cellar/gcc/7.2.0/lib/gcc/7/gcc/x86_64-apple-darwin17.0.0/7.2.0/:/usr/local/Cellar/gcc/7.2.0/lib/gcc/7/gcc/x86_64-apple-darwin17.0.0/:/usr/local/Cellar/gcc/7.2.0/libexec/gcc/x86_64-apple-darwin17.0.0/7.2.0/:/usr/local/Cellar/gcc/7.2.0/libexec/gcc/x86_64-apple-darwin17.0.0/7.2.0/:/usr/local/Cellar/gcc/7.2.0/libexec/gcc/x86_64-apple-darwin17.0.0/:/usr/local/Cellar/gcc/7.2.0/lib/gcc/7/gcc/x86_64-apple-darwin17.0.0/7.2.0/:/usr/local/Cellar/gcc/7.2.0/lib/gcc/7/gcc/x86_64-apple-darwin17.0.0/
LIBRARY_PATH=/usr/local/Cellar/gcc/7.2.0/lib/gcc/7/gcc/x86_64-apple-darwin17.0.0/7.2.0/:/usr/local/Cellar/gcc/7.2.0/lib/gcc/7/gcc/x86_64-apple-darwin17.0.0/7.2.0/../../../:/usr/local/Cellar/gcc/7.2.0/lib/gcc/7/gcc/x86_64-apple-darwin17.0.0/7.2.0/:/usr/local/Cellar/gcc/7.2.0/lib/gcc/7/gcc/x86_64-apple-darwin17.0.0/7.2.0/../../../
COLLECT_GCC_OPTIONS='-c' '-fno-math-errno' '-fno-trapping-math' '-fno-trapv' '-fno-openmp' '-fno-openacc' '-march=sandybridge' '-mno-3dnow' '-msse2' '-msse3' '-mssse3' '-mno-sse4a' '-mcx16' '-msahf' '-mno-movbe' '-mno-sha' '-mpclmul' '-mpopcnt' '-mno-abm' '-mno-lwp' '-mno-fma' '-mno-fma4' '-mno-xop' '-mno-bmi' '-mno-sgx' '-mno-bmi2' '-mno-tbm' '-mavx' '-mno-avx2' '-msse4.2' '-msse4.1' '-mno-lzcnt' '-mno-rtm' '-mno-hle' '-mno-rdrnd' '-mno-f16c' '-mno-fsgsbase' '-mno-rdseed' '-mno-prfchw' '-mno-adx' '-mfxsr' '-mxsave' '-mxsaveopt' '-mno-avx512f' '-mno-avx512er' '-mno-avx512cd' '-mno-avx512pf' '-mno-prefetchwt1' '-mno-clflushopt' '-mno-xsavec' '-mno-xsaves' '-mno-avx512dq' '-mno-avx512bw' '-mno-avx512vl' '-mno-avx512ifma' '-mno-avx512vbmi' '-mno-avx5124fmaps' '-mno-avx5124vnniw' '-mno-clwb' '-mno-mwaitx' '-mno-clzero' '-mno-pku' '-mno-rdpid' '-mtune=sandybridge' '-fPIC' '-mmacosx-version-min=10.13' '-Ofast' '-Ofast' '-ffp-contract=fast' '-ffp-contract=fast' '-L/usr/local/opt/lapack/lib' '-L/usr/local/opt/openblas/lib' '-L/usr/local/opt/llvm/lib' '-L/usr/local/opt/sqlite/lib' '-L/usr/local/opt/readline/lib' '-L/usr/local/opt/openssl@1.1/lib' '-v' '-fomit-frame-pointer' '-funroll-loops' '-Ofast' '-ffp-contract=fast' '-march=native' '-ffast-math' '-Ofast' '-fno-signed-zeros' '-ffp-contract=fast' '-mmmx' '-msse' '-maes' '-march=native' '-mmacosx-version-min=10.13' '-asm_macosx_version_min=10.13' '-shared-libgcc' '-dumpdir' './' '-dumpbase' 'cmTC_c73c5.wpa' '-fltrans-output-list=/tmp/openmpi/ccvPMYWz.ltrans.out' '-fwpa' '-asm_macosx_version_min=10.13'
/usr/local/bin/gfortran @/tmp/openmpi/ccNNw0jX
Using built-in specs.
COLLECT_GCC=/usr/local/bin/gfortran
Target: x86_64-apple-darwin17.0.0
Configured with: ../configure --build=x86_64-apple-darwin17.0.0 --prefix=/usr/local/Cellar/gcc/7.2.0 --libdir=/usr/local/Cellar/gcc/7.2.0/lib/gcc/7 --enable-languages=c,c++,objc,obj-c++,fortran,jit --enable-host-shared --program-suffix=-7 --with-gmp=/usr/local/opt/gmp --with-mpfr=/usr/local/opt/mpfr --with-mpc=/usr/local/opt/libmpc --with-isl=/usr/local/opt/isl --with-ld=/usr/bin/ld --with-system-zlib --enable-checking=release --with-pkgversion='Homebrew GCC 7.2.0' --with-bugurl=https://github.com/Homebrew/homebrew-core/issues --disable-nls
Thread model: posix
gcc version 7.2.0 (Homebrew GCC 7.2.0) 
COLLECT_GCC_OPTIONS='-c' '-fno-math-errno' '-fno-trapping-math' '-fno-trapv' '-fno-openmp' '-fno-openacc' '-march=sandybridge' '-mno-3dnow' '-msse2' '-msse3' '-mssse3' '-mno-sse4a' '-mcx16' '-msahf' '-mno-movbe' '-mno-sha' '-mpclmul' '-mpopcnt' '-mno-abm' '-mno-lwp' '-mno-fma' '-mno-fma4' '-mno-xop' '-mno-bmi' '-mno-sgx' '-mno-bmi2' '-mno-tbm' '-mavx' '-mno-avx2' '-msse4.2' '-msse4.1' '-mno-lzcnt' '-mno-rtm' '-mno-hle' '-mno-rdrnd' '-mno-f16c' '-mno-fsgsbase' '-mno-rdseed' '-mno-prfchw' '-mno-adx' '-mfxsr' '-mxsave' '-mxsaveopt' '-mno-avx512f' '-mno-avx512er' '-mno-avx512cd' '-mno-avx512pf' '-mno-prefetchwt1' '-mno-clflushopt' '-mno-xsavec' '-mno-xsaves' '-mno-avx512dq' '-mno-avx512bw' '-mno-avx512vl' '-mno-avx512ifma' '-mno-avx512vbmi' '-mno-avx5124fmaps' '-mno-avx5124vnniw' '-mno-clwb' '-mno-mwaitx' '-mno-clzero' '-mno-pku' '-mno-rdpid' '-mtune=sandybridge' '-fPIC' '-mmacosx-version-min=10.13' '-Ofast' '-Ofast' '-ffp-contract=fast' '-ffp-contract=fast' '-L/usr/local/opt/lapack/lib' '-L/usr/local/opt/openblas/lib' '-L/usr/local/opt/llvm/lib' '-L/usr/local/opt/sqlite/lib' '-L/usr/local/opt/readline/lib' '-L/usr/local/opt/openssl@1.1/lib' '-v' '-fomit-frame-pointer' '-funroll-loops' '-Ofast' '-ffp-contract=fast' '-march=native' '-ffast-math' '-Ofast' '-fno-signed-zeros' '-ffp-contract=fast' '-mmmx' '-msse' '-maes' '-march=native' '-mmacosx-version-min=10.13' '-asm_macosx_version_min=10.13' '-shared-libgcc' '-dumpdir' './' '-dumpbase' 'cmTC_c73c5.ltrans0' '-fltrans' '-o' '/tmp/openmpi/ccvPMYWz.ltrans0.ltrans.o' '-asm_macosx_version_min=10.13'
 /usr/local/Cellar/gcc/7.2.0/libexec/gcc/x86_64-apple-darwin17.0.0/7.2.0/lto1 -march=sandybridge -mmmx -mno-3dnow -msse -msse2 -msse3 -mssse3 -mno-sse4a -mcx16 -msahf -mno-movbe -maes -mno-sha -mpclmul -mpopcnt -mno-abm -mno-lwp -mno-fma -mno-fma4 -mno-xop -mno-bmi -mno-sgx -mno-bmi2 -mno-tbm -mavx -mno-avx2 -msse4.2 -msse4.1 -mno-lzcnt -mno-rtm -mno-hle -mno-rdrnd -mno-f16c -mno-fsgsbase -mno-rdseed -mno-prfchw -mno-adx -mfxsr -mxsave -mxsaveopt -mno-avx512f -mno-avx512er -mno-avx512cd -mno-avx512pf -mno-prefetchwt1 -mno-clflushopt -mno-xsavec -mno-xsaves -mno-avx512dq -mno-avx512bw -mno-avx512vl -mno-avx512ifma -mno-avx512vbmi -mno-avx5124fmaps -mno-avx5124vnniw -mno-clwb -mno-mwaitx -mno-clzero -mno-pku -mno-rdpid -fPIC -quiet -dumpdir ./ -dumpbase cmTC_c73c5.ltrans0 -march=sandybridge -mno-3dnow -msse2 -msse3 -mssse3 -mno-sse4a -mcx16 -msahf -mno-movbe -mno-sha -mpclmul -mpopcnt -mno-abm -mno-lwp -mno-fma -mno-fma4 -mno-xop -mno-bmi -mno-sgx -mno-bmi2 -mno-tbm -mavx -mno-avx2 -msse4.2 -msse4.1 -mno-lzcnt -mno-rtm -mno-hle -mno-rdrnd -mno-f16c -mno-fsgsbase -mno-rdseed -mno-prfchw -mno-adx -mfxsr -mxsave -mxsaveopt -mno-avx512f -mno-avx512er -mno-avx512cd -mno-avx512pf -mno-prefetchwt1 -mno-clflushopt -mno-xsavec -mno-xsaves -mno-avx512dq -mno-avx512bw -mno-avx512vl -mno-avx512ifma -mno-avx512vbmi -mno-avx5124fmaps -mno-avx5124vnniw -mno-clwb -mno-mwaitx -mno-clzero -mno-pku -mno-rdpid -mtune=sandybridge -mmacosx-version-min=10.13 -mmmx -msse -maes -mmacosx-version-min=10.13 -auxbase-strip /tmp/openmpi/ccvPMYWz.ltrans0.ltrans.o -Ofast -Ofast -Ofast -Ofast -version -fno-math-errno -fno-trapping-math -fno-trapv -fno-openmp -fno-openacc -fPIC -ffp-contract=fast -ffp-contract=fast -fomit-frame-pointer -funroll-loops -ffp-contract=fast -ffast-math -fno-signed-zeros -ffp-contract=fast -fltrans @/tmp/openmpi/ccfk3Ssh -o /tmp/openmpi/ccmnBsXp.s
GNU GIMPLE (Homebrew GCC 7.2.0) version 7.2.0 (x86_64-apple-darwin17.0.0)
	compiled by GNU C version 7.2.0, GMP version 6.1.2, MPFR version 3.1.5, MPC version 1.0.3, isl version isl-0.18-GMP

warning: MPFR header version 3.1.5 differs from library version 3.1.6.
GGC heuristics: --param ggc-min-expand=100 --param ggc-min-heapsize=131072
GNU GIMPLE (Homebrew GCC 7.2.0) version 7.2.0 (x86_64-apple-darwin17.0.0)
	compiled by GNU C version 7.2.0, GMP version 6.1.2, MPFR version 3.1.5, MPC version 1.0.3, isl version isl-0.18-GMP

warning: MPFR header version 3.1.5 differs from library version 3.1.6.
GGC heuristics: --param ggc-min-expand=100 --param ggc-min-heapsize=131072
COLLECT_GCC_OPTIONS='-c' '-fno-math-errno' '-fno-trapping-math' '-fno-trapv' '-fno-openmp' '-fno-openacc' '-march=sandybridge' '-mno-3dnow' '-msse2' '-msse3' '-mssse3' '-mno-sse4a' '-mcx16' '-msahf' '-mno-movbe' '-mno-sha' '-mpclmul' '-mpopcnt' '-mno-abm' '-mno-lwp' '-mno-fma' '-mno-fma4' '-mno-xop' '-mno-bmi' '-mno-sgx' '-mno-bmi2' '-mno-tbm' '-mavx' '-mno-avx2' '-msse4.2' '-msse4.1' '-mno-lzcnt' '-mno-rtm' '-mno-hle' '-mno-rdrnd' '-mno-f16c' '-mno-fsgsbase' '-mno-rdseed' '-mno-prfchw' '-mno-adx' '-mfxsr' '-mxsave' '-mxsaveopt' '-mno-avx512f' '-mno-avx512er' '-mno-avx512cd' '-mno-avx512pf' '-mno-prefetchwt1' '-mno-clflushopt' '-mno-xsavec' '-mno-xsaves' '-mno-avx512dq' '-mno-avx512bw' '-mno-avx512vl' '-mno-avx512ifma' '-mno-avx512vbmi' '-mno-avx5124fmaps' '-mno-avx5124vnniw' '-mno-clwb' '-mno-mwaitx' '-mno-clzero' '-mno-pku' '-mno-rdpid' '-mtune=sandybridge' '-fPIC' '-mmacosx-version-min=10.13' '-Ofast' '-Ofast' '-ffp-contract=fast' '-ffp-contract=fast' '-L/usr/local/opt/lapack/lib' '-L/usr/local/opt/openblas/lib' '-L/usr/local/opt/llvm/lib' '-L/usr/local/opt/sqlite/lib' '-L/usr/local/opt/readline/lib' '-L/usr/local/opt/openssl@1.1/lib' '-v' '-fomit-frame-pointer' '-funroll-loops' '-Ofast' '-ffp-contract=fast' '-march=native' '-ffast-math' '-Ofast' '-fno-signed-zeros' '-ffp-contract=fast' '-mmmx' '-msse' '-maes' '-march=native' '-mmacosx-version-min=10.13'  '-shared-libgcc' '-dumpdir' './' '-dumpbase' 'cmTC_c73c5.ltrans0' '-fltrans' '-o' '/tmp/openmpi/ccvPMYWz.ltrans0.ltrans.o' 
 as -arch x86_64 -v -force_cpusubtype_ALL -mmacosx-version-min=10.13 -mmacosx-version-min=10.13 -o /tmp/openmpi/ccvPMYWz.ltrans0.ltrans.o /tmp/openmpi/ccmnBsXp.s
Apple LLVM version 9.0.0 (clang-900.0.22.8)
Target: x86_64-apple-darwin17.0.0
Thread model: posix
InstalledDir: /Applications/Xcode.app/Contents/Developer/Toolchains/XcodeDefault.xctoolchain/usr/bin
Found CUDA installation: /usr/local/cuda, version 8.0
 "/Applications/Xcode.app/Contents/Developer/Toolchains/XcodeDefault.xctoolchain/usr/bin/clang" -cc1as -triple x86_64-apple-macosx10.13.0 -filetype obj -main-file-name ccmnBsXp.s -target-cpu penryn -fdebug-compilation-dir /Users/dojo/Library/Caches/Homebrew/lapack-3.7.1/CMakeFiles/CMakeTmp -dwarf-debug-producer Apple LLVM version 9.0.0 (clang-900.0.22.8) -dwarf-version=4 -mrelocation-model pic -o /tmp/openmpi/ccvPMYWz.ltrans0.ltrans.o /tmp/openmpi/ccmnBsXp.s
COMPILER_PATH=/usr/local/Cellar/gcc/7.2.0/libexec/gcc/x86_64-apple-darwin17.0.0/7.2.0/:/usr/local/Cellar/gcc/7.2.0/libexec/gcc/x86_64-apple-darwin17.0.0/7.2.0/:/usr/local/Cellar/gcc/7.2.0/libexec/gcc/x86_64-apple-darwin17.0.0/:/usr/local/Cellar/gcc/7.2.0/lib/gcc/7/gcc/x86_64-apple-darwin17.0.0/7.2.0/:/usr/local/Cellar/gcc/7.2.0/lib/gcc/7/gcc/x86_64-apple-darwin17.0.0/:/usr/local/Cellar/gcc/7.2.0/libexec/gcc/x86_64-apple-darwin17.0.0/7.2.0/:/usr/local/Cellar/gcc/7.2.0/libexec/gcc/x86_64-apple-darwin17.0.0/7.2.0/:/usr/local/Cellar/gcc/7.2.0/libexec/gcc/x86_64-apple-darwin17.0.0/:/usr/local/Cellar/gcc/7.2.0/lib/gcc/7/gcc/x86_64-apple-darwin17.0.0/7.2.0/:/usr/local/Cellar/gcc/7.2.0/lib/gcc/7/gcc/x86_64-apple-darwin17.0.0/
LIBRARY_PATH=/usr/local/Cellar/gcc/7.2.0/lib/gcc/7/gcc/x86_64-apple-darwin17.0.0/7.2.0/:/usr/local/Cellar/gcc/7.2.0/lib/gcc/7/gcc/x86_64-apple-darwin17.0.0/7.2.0/../../../:/usr/local/Cellar/gcc/7.2.0/lib/gcc/7/gcc/x86_64-apple-darwin17.0.0/7.2.0/:/usr/local/Cellar/gcc/7.2.0/lib/gcc/7/gcc/x86_64-apple-darwin17.0.0/7.2.0/../../../
COLLECT_GCC_OPTIONS='-c' '-fno-math-errno' '-fno-trapping-math' '-fno-trapv' '-fno-openmp' '-fno-openacc' '-march=sandybridge' '-mno-3dnow' '-msse2' '-msse3' '-mssse3' '-mno-sse4a' '-mcx16' '-msahf' '-mno-movbe' '-mno-sha' '-mpclmul' '-mpopcnt' '-mno-abm' '-mno-lwp' '-mno-fma' '-mno-fma4' '-mno-xop' '-mno-bmi' '-mno-sgx' '-mno-bmi2' '-mno-tbm' '-mavx' '-mno-avx2' '-msse4.2' '-msse4.1' '-mno-lzcnt' '-mno-rtm' '-mno-hle' '-mno-rdrnd' '-mno-f16c' '-mno-fsgsbase' '-mno-rdseed' '-mno-prfchw' '-mno-adx' '-mfxsr' '-mxsave' '-mxsaveopt' '-mno-avx512f' '-mno-avx512er' '-mno-avx512cd' '-mno-avx512pf' '-mno-prefetchwt1' '-mno-clflushopt' '-mno-xsavec' '-mno-xsaves' '-mno-avx512dq' '-mno-avx512bw' '-mno-avx512vl' '-mno-avx512ifma' '-mno-avx512vbmi' '-mno-avx5124fmaps' '-mno-avx5124vnniw' '-mno-clwb' '-mno-mwaitx' '-mno-clzero' '-mno-pku' '-mno-rdpid' '-mtune=sandybridge' '-fPIC' '-mmacosx-version-min=10.13' '-Ofast' '-Ofast' '-ffp-contract=fast' '-ffp-contract=fast' '-L/usr/local/opt/lapack/lib' '-L/usr/local/opt/openblas/lib' '-L/usr/local/opt/llvm/lib' '-L/usr/local/opt/sqlite/lib' '-L/usr/local/opt/readline/lib' '-L/usr/local/opt/openssl@1.1/lib' '-v' '-fomit-frame-pointer' '-funroll-loops' '-Ofast' '-ffp-contract=fast' '-march=native' '-ffast-math' '-Ofast' '-fno-signed-zeros' '-ffp-contract=fast' '-mmmx' '-msse' '-maes' '-march=native' '-mmacosx-version-min=10.13'  '-shared-libgcc' '-dumpdir' './' '-dumpbase' 'cmTC_c73c5.ltrans0' '-fltrans' '-o' '/tmp/openmpi/ccvPMYWz.ltrans0.ltrans.o' 
/usr/bin/ld -dynamic -arch x86_64 -macosx_version_min 10.13 -syslibroot /Applications/Xcode.app/Contents/Developer/Platforms/MacOSX.platform/Developer/SDKs/MacOSX10.13.sdk -weak_reference_mismatches non-weak -o cmTC_c73c5 -L/usr/local/opt/lapack/lib -L/usr/local/opt/openblas/lib -L/usr/local/opt/llvm/lib -L/usr/local/opt/sqlite/lib -L/usr/local/opt/readline/lib -L/usr/local/opt/openssl@1.1/lib -L/usr/local/Cellar/gcc/7.2.0/lib/gcc/7/gcc/x86_64-apple-darwin17.0.0/7.2.0 -L/usr/local/Cellar/gcc/7.2.0/lib/gcc/7/gcc/x86_64-apple-darwin17.0.0/7.2.0/../../.. -v /tmp/openmpi/ccvPMYWz.ltrans0.ltrans.o -lgfortran -no_compact_unwind -lSystem -lgcc_ext.10.5 -lgcc -lquadmath -lm -lgcc_ext.10.5 -lgcc -lSystem /usr/local/Cellar/gcc/7.2.0/lib/gcc/7/gcc/x86_64-apple-darwin17.0.0/7.2.0/crtfastmath.o -v
@(#)PROGRAM:ld  PROJECT:ld64-301.1
configured to support archs: armv6 armv7 armv7s arm64 i386 x86_64 x86_64h armv6m armv7k armv7m armv7em (tvOS)
@(#)PROGRAM:ld  PROJECT:ld64-301.1
configured to support archs: armv6 armv7 armv7s arm64 i386 x86_64 x86_64h armv6m armv7k armv7m armv7em (tvOS)
ld: warning: directory not found for option '-L/usr/local/opt/lapack/lib'
ld: warning: directory not found for option '-L/usr/local/opt/openblas/lib'
Library search paths:
	/usr/local/opt/llvm/lib
	/usr/local/opt/sqlite/lib
	/usr/local/opt/readline/lib
	/usr/local/opt/openssl@1.1/lib
	/usr/local/Cellar/gcc/7.2.0/lib/gcc/7/gcc/x86_64-apple-darwin17.0.0/7.2.0
	/usr/local/Cellar/gcc/7.2.0/lib/gcc/7
	/Applications/Xcode.app/Contents/Developer/Platforms/MacOSX.platform/Developer/SDKs/MacOSX10.13.sdk/usr/lib
Framework search paths:
	/Applications/Xcode.app/Contents/Developer/Platforms/MacOSX.platform/Developer/SDKs/MacOSX10.13.sdk/System/Library/Frameworks/
gmake[1]: Leaving directory '/Users/dojo/Library/Caches/Homebrew/lapack-3.7.1/CMakeFiles/CMakeTmp'


Parsed Fortran implicit link information from above output:
  link line regex: [^( *|.*[/\])(ld|CMAKE_LINK_STARTFILE-NOTFOUND|([^/\]+-)?ld|collect2)[^/\]*( |$)]
  ignore line: [Change Dir: /Users/dojo/Library/Caches/Homebrew/lapack-3.7.1/CMakeFiles/CMakeTmp]
  ignore line: []
  ignore line: [Run Build Command:"/usr/local/opt/make/bin/gmake" "cmTC_c73c5/fast"]
  ignore line: [/usr/local/opt/make/bin/gmake -f CMakeFiles/cmTC_c73c5.dir/build.make CMakeFiles/cmTC_c73c5.dir/build]
  ignore line: [gmake[1]: Entering directory '/Users/dojo/Library/Caches/Homebrew/lapack-3.7.1/CMakeFiles/CMakeTmp']
  ignore line: [Building Fortran object CMakeFiles/cmTC_c73c5.dir/CMakeFortranCompilerABI.F.o]
  ignore line: [/usr/local/bin/gfortran   -fomit-frame-pointer -funroll-loops  -ffast-math -Ofast -fno-signed-zeros -ffp-contract=fast -mmmx -msse -flto -maes -march=native   -ffast-math -Ofast -fno-signed-zeros -ffp-contract=fast -mmmx -msse -flto -maes -march=native  -isysroot /Applications/Xcode.app/Contents/Developer/Platforms/MacOSX.platform/Developer/SDKs/MacOSX10.13.sdk -mmacosx-version-min=10.13   -c /usr/local/Cellar/cmake/3.9.2/share/cmake/Modules/CMakeFortranCompilerABI.F -o CMakeFiles/cmTC_c73c5.dir/CMakeFortranCompilerABI.F.o]
  ignore line: [Linking Fortran executable cmTC_c73c5]
  ignore line: [/usr/local/Cellar/cmake/3.9.2/bin/cmake -E cmake_link_script CMakeFiles/cmTC_c73c5.dir/link.txt --verbose=1]
  ignore line: [/usr/local/bin/gfortran  -L/usr/local/opt/lapack/lib -L/usr/local/opt/openblas/lib -L/usr/local/opt/llvm/lib -L/usr/local/opt/sqlite/lib -L/usr/local/opt/readline/lib -L/usr/local/opt/openssl@1.1/lib -v -Wl,-v -fomit-frame-pointer -funroll-loops  -ffast-math -Ofast -fno-signed-zeros -ffp-contract=fast -mmmx -msse -flto -maes -march=native   -ffast-math -Ofast -fno-signed-zeros -ffp-contract=fast -mmmx -msse -flto -maes -march=native  -isysroot /Applications/Xcode.app/Contents/Developer/Platforms/MacOSX.platform/Developer/SDKs/MacOSX10.13.sdk -mmacosx-version-min=10.13 CMakeFiles/cmTC_c73c5.dir/CMakeFortranCompilerABI.F.o  -o cmTC_c73c5 ]
  ignore line: [Driving: /usr/local/bin/gfortran -L/usr/local/opt/lapack/lib -L/usr/local/opt/openblas/lib -L/usr/local/opt/llvm/lib -L/usr/local/opt/sqlite/lib -L/usr/local/opt/readline/lib -L/usr/local/opt/openssl@1.1/lib -v -Wl,-v -fomit-frame-pointer -funroll-loops -Ofast -ffp-contract=fast -march=native -ffast-math -Ofast -fno-signed-zeros -ffp-contract=fast -mmmx -msse -flto -maes -march=native -isysroot /Applications/Xcode.app/Contents/Developer/Platforms/MacOSX.platform/Developer/SDKs/MacOSX10.13.sdk -mmacosx-version-min=10.13 CMakeFiles/cmTC_c73c5.dir/CMakeFortranCompilerABI.F.o -o cmTC_c73c5 -asm_macosx_version_min=10.13 -l gfortran -shared-libgcc]
  ignore line: [Using built-in specs.]
  ignore line: [COLLECT_GCC=/usr/local/bin/gfortran]
  ignore line: [COLLECT_LTO_WRAPPER=/usr/local/Cellar/gcc/7.2.0/libexec/gcc/x86_64-apple-darwin17.0.0/7.2.0/lto-wrapper]
  ignore line: [Target: x86_64-apple-darwin17.0.0]
  ignore line: [Configured with: ../configure --build=x86_64-apple-darwin17.0.0 --prefix=/usr/local/Cellar/gcc/7.2.0 --libdir=/usr/local/Cellar/gcc/7.2.0/lib/gcc/7 --enable-languages=c,c++,objc,obj-c++,fortran,jit --enable-host-shared --program-suffix=-7 --with-gmp=/usr/local/opt/gmp --with-mpfr=/usr/local/opt/mpfr --with-mpc=/usr/local/opt/libmpc --with-isl=/usr/local/opt/isl --with-ld=/usr/bin/ld --with-system-zlib --enable-checking=release --with-pkgversion='Homebrew GCC 7.2.0' --with-bugurl=https://github.com/Homebrew/homebrew-core/issues --disable-nls]
  ignore line: [Thread model: posix]
  ignore line: [gcc version 7.2.0 (Homebrew GCC 7.2.0) ]
  ignore line: [Reading specs from /usr/local/Cellar/gcc/7.2.0/lib/gcc/7/gcc/x86_64-apple-darwin17.0.0/7.2.0/../../../libgfortran.spec]
  ignore line: [rename spec lib to liborig]
  ignore line: [COLLECT_GCC_OPTIONS='-L/usr/local/opt/lapack/lib' '-L/usr/local/opt/openblas/lib' '-L/usr/local/opt/llvm/lib' '-L/usr/local/opt/sqlite/lib' '-L/usr/local/opt/readline/lib' '-L/usr/local/opt/openssl@1.1/lib' '-v' '-fomit-frame-pointer' '-funroll-loops' '-Ofast' '-ffp-contract=fast' '-march=native' '-ffast-math' '-Ofast' '-fno-signed-zeros' '-ffp-contract=fast' '-mmmx' '-msse' '-flto' '-maes' '-march=native' '-isysroot' '/Applications/Xcode.app/Contents/Developer/Platforms/MacOSX.platform/Developer/SDKs/MacOSX10.13.sdk' '-mmacosx-version-min=10.13' '-o' 'cmTC_c73c5' '-asm_macosx_version_min=10.13' '-shared-libgcc']
  ignore line: [COMPILER_PATH=/usr/local/Cellar/gcc/7.2.0/libexec/gcc/x86_64-apple-darwin17.0.0/7.2.0/:/usr/local/Cellar/gcc/7.2.0/libexec/gcc/x86_64-apple-darwin17.0.0/7.2.0/:/usr/local/Cellar/gcc/7.2.0/libexec/gcc/x86_64-apple-darwin17.0.0/:/usr/local/Cellar/gcc/7.2.0/lib/gcc/7/gcc/x86_64-apple-darwin17.0.0/7.2.0/:/usr/local/Cellar/gcc/7.2.0/lib/gcc/7/gcc/x86_64-apple-darwin17.0.0/]
  ignore line: [LIBRARY_PATH=/usr/local/Cellar/gcc/7.2.0/lib/gcc/7/gcc/x86_64-apple-darwin17.0.0/7.2.0/:/usr/local/Cellar/gcc/7.2.0/lib/gcc/7/gcc/x86_64-apple-darwin17.0.0/7.2.0/../../../]
  ignore line: [COLLECT_GCC_OPTIONS='-L/usr/local/opt/lapack/lib' '-L/usr/local/opt/openblas/lib' '-L/usr/local/opt/llvm/lib' '-L/usr/local/opt/sqlite/lib' '-L/usr/local/opt/readline/lib' '-L/usr/local/opt/openssl@1.1/lib' '-v' '-fomit-frame-pointer' '-funroll-loops' '-Ofast' '-ffp-contract=fast' '-march=native' '-ffast-math' '-Ofast' '-fno-signed-zeros' '-ffp-contract=fast' '-mmmx' '-msse' '-flto' '-maes' '-march=native' '-isysroot' '/Applications/Xcode.app/Contents/Developer/Platforms/MacOSX.platform/Developer/SDKs/MacOSX10.13.sdk' '-mmacosx-version-min=10.13' '-o' 'cmTC_c73c5' '-asm_macosx_version_min=10.13' '-shared-libgcc']
  link line: [ /usr/local/Cellar/gcc/7.2.0/libexec/gcc/x86_64-apple-darwin17.0.0/7.2.0/collect2 -flto -dynamic -arch x86_64 -macosx_version_min 10.13 -syslibroot /Applications/Xcode.app/Contents/Developer/Platforms/MacOSX.platform/Developer/SDKs/MacOSX10.13.sdk -weak_reference_mismatches non-weak -o cmTC_c73c5 -L/usr/local/opt/lapack/lib -L/usr/local/opt/openblas/lib -L/usr/local/opt/llvm/lib -L/usr/local/opt/sqlite/lib -L/usr/local/opt/readline/lib -L/usr/local/opt/openssl@1.1/lib -L/usr/local/Cellar/gcc/7.2.0/lib/gcc/7/gcc/x86_64-apple-darwin17.0.0/7.2.0 -L/usr/local/Cellar/gcc/7.2.0/lib/gcc/7/gcc/x86_64-apple-darwin17.0.0/7.2.0/../../.. -v CMakeFiles/cmTC_c73c5.dir/CMakeFortranCompilerABI.F.o -lgfortran -no_compact_unwind -lSystem -lgcc_ext.10.5 -lgcc -lquadmath -lm -lgcc_ext.10.5 -lgcc -lSystem /usr/local/Cellar/gcc/7.2.0/lib/gcc/7/gcc/x86_64-apple-darwin17.0.0/7.2.0/crtfastmath.o -v]
    arg [/usr/local/Cellar/gcc/7.2.0/libexec/gcc/x86_64-apple-darwin17.0.0/7.2.0/collect2] ==> ignore
    arg [-flto] ==> ignore
    arg [-dynamic] ==> ignore
    arg [-arch] ==> ignore
    arg [x86_64] ==> ignore
    arg [-macosx_version_min] ==> ignore
    arg [10.13] ==> ignore
    arg [-syslibroot] ==> ignore
    arg [/Applications/Xcode.app/Contents/Developer/Platforms/MacOSX.platform/Developer/SDKs/MacOSX10.13.sdk] ==> ignore
    arg [-weak_reference_mismatches] ==> ignore
    arg [non-weak] ==> ignore
    arg [-o] ==> ignore
    arg [cmTC_c73c5] ==> ignore
    arg [-L/usr/local/opt/lapack/lib] ==> dir [/usr/local/opt/lapack/lib]
    arg [-L/usr/local/opt/openblas/lib] ==> dir [/usr/local/opt/openblas/lib]
    arg [-L/usr/local/opt/llvm/lib] ==> dir [/usr/local/opt/llvm/lib]
    arg [-L/usr/local/opt/sqlite/lib] ==> dir [/usr/local/opt/sqlite/lib]
    arg [-L/usr/local/opt/readline/lib] ==> dir [/usr/local/opt/readline/lib]
    arg [-L/usr/local/opt/openssl@1.1/lib] ==> dir [/usr/local/opt/openssl@1.1/lib]
    arg [-L/usr/local/Cellar/gcc/7.2.0/lib/gcc/7/gcc/x86_64-apple-darwin17.0.0/7.2.0] ==> dir [/usr/local/Cellar/gcc/7.2.0/lib/gcc/7/gcc/x86_64-apple-darwin17.0.0/7.2.0]
    arg [-L/usr/local/Cellar/gcc/7.2.0/lib/gcc/7/gcc/x86_64-apple-darwin17.0.0/7.2.0/../../..] ==> dir [/usr/local/Cellar/gcc/7.2.0/lib/gcc/7/gcc/x86_64-apple-darwin17.0.0/7.2.0/../../..]
    arg [-v] ==> ignore
    arg [CMakeFiles/cmTC_c73c5.dir/CMakeFortranCompilerABI.F.o] ==> ignore
    arg [-lgfortran] ==> lib [gfortran]
    arg [-no_compact_unwind] ==> ignore
    arg [-lSystem] ==> lib [System]
    arg [-lgcc_ext.10.5] ==> lib [gcc_ext.10.5]
    arg [-lgcc] ==> lib [gcc]
    arg [-lquadmath] ==> lib [quadmath]
    arg [-lm] ==> lib [m]
    arg [-lgcc_ext.10.5] ==> lib [gcc_ext.10.5]
    arg [-lgcc] ==> lib [gcc]
    arg [-lSystem] ==> lib [System]
    arg [/usr/local/Cellar/gcc/7.2.0/lib/gcc/7/gcc/x86_64-apple-darwin17.0.0/7.2.0/crtfastmath.o] ==> ignore
    arg [-v] ==> ignore
  Library search paths: [;/usr/local/opt/llvm/lib;/usr/local/opt/sqlite/lib;/usr/local/opt/readline/lib;/usr/local/opt/openssl@1.1/lib;/usr/local/Cellar/gcc/7.2.0/lib/gcc/7/gcc/x86_64-apple-darwin17.0.0/7.2.0;/usr/local/Cellar/gcc/7.2.0/lib/gcc/7;/Applications/Xcode.app/Contents/Developer/Platforms/MacOSX.platform/Developer/SDKs/MacOSX10.13.sdk/usr/lib]
  Framework search paths: [;/Applications/Xcode.app/Contents/Developer/Platforms/MacOSX.platform/Developer/SDKs/MacOSX10.13.sdk/System/Library/Frameworks/]
  remove lib [System]
  remove lib [System]
  collapse library dir [/usr/local/opt/lapack/lib] ==> [/usr/local/opt/lapack/lib]
  collapse library dir [/usr/local/opt/openblas/lib] ==> [/usr/local/opt/openblas/lib]
  collapse library dir [/usr/local/opt/llvm/lib] ==> [/usr/local/opt/llvm/lib]
  collapse library dir [/usr/local/opt/sqlite/lib] ==> [/usr/local/opt/sqlite/lib]
  collapse library dir [/usr/local/opt/readline/lib] ==> [/usr/local/opt/readline/lib]
  collapse library dir [/usr/local/opt/openssl@1.1/lib] ==> [/usr/local/opt/openssl@1.1/lib]
  collapse library dir [/usr/local/Cellar/gcc/7.2.0/lib/gcc/7/gcc/x86_64-apple-darwin17.0.0/7.2.0] ==> [/usr/local/Cellar/gcc/7.2.0/lib/gcc/7/gcc/x86_64-apple-darwin17.0.0/7.2.0]
  collapse library dir [/usr/local/Cellar/gcc/7.2.0/lib/gcc/7/gcc/x86_64-apple-darwin17.0.0/7.2.0/../../..] ==> [/usr/local/Cellar/gcc/7.2.0/lib/gcc/7]
  collapse library dir [/usr/local/opt/llvm/lib] ==> [/usr/local/opt/llvm/lib]
  collapse library dir [/usr/local/opt/sqlite/lib] ==> [/usr/local/opt/sqlite/lib]
  collapse library dir [/usr/local/opt/readline/lib] ==> [/usr/local/opt/readline/lib]
  collapse library dir [/usr/local/opt/openssl@1.1/lib] ==> [/usr/local/opt/openssl@1.1/lib]
  collapse library dir [/usr/local/Cellar/gcc/7.2.0/lib/gcc/7/gcc/x86_64-apple-darwin17.0.0/7.2.0] ==> [/usr/local/Cellar/gcc/7.2.0/lib/gcc/7/gcc/x86_64-apple-darwin17.0.0/7.2.0]
  collapse library dir [/usr/local/Cellar/gcc/7.2.0/lib/gcc/7] ==> [/usr/local/Cellar/gcc/7.2.0/lib/gcc/7]
  collapse library dir [/Applications/Xcode.app/Contents/Developer/Platforms/MacOSX.platform/Developer/SDKs/MacOSX10.13.sdk/usr/lib] ==> [/Applications/Xcode.app/Contents/Developer/Platforms/MacOSX.platform/Developer/SDKs/MacOSX10.13.sdk/usr/lib]
  collapse framework dir [/Applications/Xcode.app/Contents/Developer/Platforms/MacOSX.platform/Developer/SDKs/MacOSX10.13.sdk/System/Library/Frameworks/] ==> [/Applications/Xcode.app/Contents/Developer/Platforms/MacOSX.platform/Developer/SDKs/MacOSX10.13.sdk/System/Library/Frameworks]
  implicit libs: [gfortran;gcc_ext.10.5;gcc;quadmath;m;gcc_ext.10.5;gcc]
  implicit dirs: [/usr/local/opt/lapack/lib;/usr/local/opt/openblas/lib;/usr/local/opt/llvm/lib;/usr/local/opt/sqlite/lib;/usr/local/opt/readline/lib;/usr/local/opt/openssl@1.1/lib;/usr/local/Cellar/gcc/7.2.0/lib/gcc/7/gcc/x86_64-apple-darwin17.0.0/7.2.0;/usr/local/Cellar/gcc/7.2.0/lib/gcc/7;/Applications/Xcode.app/Contents/Developer/Platforms/MacOSX.platform/Developer/SDKs/MacOSX10.13.sdk/usr/lib]
  implicit fwks: [/Applications/Xcode.app/Contents/Developer/Platforms/MacOSX.platform/Developer/SDKs/MacOSX10.13.sdk/System/Library/Frameworks]


Determining if the Fortran compiler supports Fortran 90 passed with the following output:
Change Dir: /Users/dojo/Library/Caches/Homebrew/lapack-3.7.1/CMakeFiles/CMakeTmp

Run Build Command:"/usr/local/opt/make/bin/gmake" "cmTC_a132a/fast"
/usr/local/opt/make/bin/gmake -f CMakeFiles/cmTC_a132a.dir/build.make CMakeFiles/cmTC_a132a.dir/build
gmake[1]: Entering directory '/Users/dojo/Library/Caches/Homebrew/lapack-3.7.1/CMakeFiles/CMakeTmp'
Building Fortran object CMakeFiles/cmTC_a132a.dir/testFortranCompilerF90.f90.o
/usr/local/bin/gfortran   -fomit-frame-pointer -funroll-loops  -ffast-math -Ofast -fno-signed-zeros -ffp-contract=fast -mmmx -msse -flto -maes -march=native   -ffast-math -Ofast -fno-signed-zeros -ffp-contract=fast -mmmx -msse -flto -maes -march=native  -isysroot /Applications/Xcode.app/Contents/Developer/Platforms/MacOSX.platform/Developer/SDKs/MacOSX10.13.sdk -mmacosx-version-min=10.13   -c /Users/dojo/Library/Caches/Homebrew/lapack-3.7.1/CMakeFiles/CMakeTmp/testFortranCompilerF90.f90 -o CMakeFiles/cmTC_a132a.dir/testFortranCompilerF90.f90.o
Linking Fortran executable cmTC_a132a
/usr/local/Cellar/cmake/3.9.2/bin/cmake -E cmake_link_script CMakeFiles/cmTC_a132a.dir/link.txt --verbose=1
/usr/local/bin/gfortran  -L/usr/local/opt/lapack/lib -L/usr/local/opt/openblas/lib -L/usr/local/opt/llvm/lib -L/usr/local/opt/sqlite/lib -L/usr/local/opt/readline/lib -L/usr/local/opt/openssl@1.1/lib  -fomit-frame-pointer -funroll-loops  -ffast-math -Ofast -fno-signed-zeros -ffp-contract=fast -mmmx -msse -flto -maes -march=native   -ffast-math -Ofast -fno-signed-zeros -ffp-contract=fast -mmmx -msse -flto -maes -march=native  -isysroot /Applications/Xcode.app/Contents/Developer/Platforms/MacOSX.platform/Developer/SDKs/MacOSX10.13.sdk -mmacosx-version-min=10.13 CMakeFiles/cmTC_a132a.dir/testFortranCompilerF90.f90.o  -o cmTC_a132a 
ld: warning: directory not found for option '-L/usr/local/opt/lapack/lib'
ld: warning: directory not found for option '-L/usr/local/opt/openblas/lib'
ld: warning: directory not found for option '-L/usr/local/opt/lapack/lib'
ld: warning: directory not found for option '-L/usr/local/opt/openblas/lib'
gmake[1]: Leaving directory '/Users/dojo/Library/Caches/Homebrew/lapack-3.7.1/CMakeFiles/CMakeTmp'


Determining if the C compiler works passed with the following output:
Change Dir: /Users/dojo/Library/Caches/Homebrew/lapack-3.7.1/CMakeFiles/CMakeTmp

Run Build Command:"/usr/local/opt/make/bin/gmake" "cmTC_5acb5/fast"
/usr/local/opt/make/bin/gmake -f CMakeFiles/cmTC_5acb5.dir/build.make CMakeFiles/cmTC_5acb5.dir/build
gmake[1]: Entering directory '/Users/dojo/Library/Caches/Homebrew/lapack-3.7.1/CMakeFiles/CMakeTmp'
Building C object CMakeFiles/cmTC_5acb5.dir/testCCompiler.c.o
/usr/local/bin/mpicc   -fomit-frame-pointer -funroll-loops  -ffast-math -Ofast -fno-signed-zeros -ffp-contract=fast -mmmx -msse -flto -maes -march=native  -march=native  -isysroot /Applications/Xcode.app/Contents/Developer/Platforms/MacOSX.platform/Developer/SDKs/MacOSX10.13.sdk -mmacosx-version-min=10.13   -o CMakeFiles/cmTC_5acb5.dir/testCCompiler.c.o   -c /Users/dojo/Library/Caches/Homebrew/lapack-3.7.1/CMakeFiles/CMakeTmp/testCCompiler.c
Linking C executable cmTC_5acb5
/usr/local/Cellar/cmake/3.9.2/bin/cmake -E cmake_link_script CMakeFiles/cmTC_5acb5.dir/link.txt --verbose=1
/usr/local/bin/mpicc -fomit-frame-pointer -funroll-loops  -ffast-math -Ofast -fno-signed-zeros -ffp-contract=fast -mmmx -msse -flto -maes -march=native  -march=native  -isysroot /Applications/Xcode.app/Contents/Developer/Platforms/MacOSX.platform/Developer/SDKs/MacOSX10.13.sdk -mmacosx-version-min=10.13 -Wl,-search_paths_first -Wl,-headerpad_max_install_names -L/usr/local/opt/lapack/lib -L/usr/local/opt/openblas/lib -L/usr/local/opt/llvm/lib -L/usr/local/opt/sqlite/lib -L/usr/local/opt/readline/lib -L/usr/local/opt/openssl@1.1/lib  CMakeFiles/cmTC_5acb5.dir/testCCompiler.c.o  -o cmTC_5acb5 
ld: warning: directory not found for option '-L/usr/local/opt/lapack/lib'
ld: warning: directory not found for option '-L/usr/local/opt/openblas/lib'
gmake[1]: Leaving directory '/Users/dojo/Library/Caches/Homebrew/lapack-3.7.1/CMakeFiles/CMakeTmp'


Detecting C compiler ABI info compiled with the following output:
Change Dir: /Users/dojo/Library/Caches/Homebrew/lapack-3.7.1/CMakeFiles/CMakeTmp

Run Build Command:"/usr/local/opt/make/bin/gmake" "cmTC_abafd/fast"
/usr/local/opt/make/bin/gmake -f CMakeFiles/cmTC_abafd.dir/build.make CMakeFiles/cmTC_abafd.dir/build
gmake[1]: Entering directory '/Users/dojo/Library/Caches/Homebrew/lapack-3.7.1/CMakeFiles/CMakeTmp'
Building C object CMakeFiles/cmTC_abafd.dir/CMakeCCompilerABI.c.o
/usr/local/bin/mpicc   -fomit-frame-pointer -funroll-loops  -ffast-math -Ofast -fno-signed-zeros -ffp-contract=fast -mmmx -msse -flto -maes -march=native  -march=native  -isysroot /Applications/Xcode.app/Contents/Developer/Platforms/MacOSX.platform/Developer/SDKs/MacOSX10.13.sdk -mmacosx-version-min=10.13   -o CMakeFiles/cmTC_abafd.dir/CMakeCCompilerABI.c.o   -c /usr/local/Cellar/cmake/3.9.2/share/cmake/Modules/CMakeCCompilerABI.c
Linking C executable cmTC_abafd
/usr/local/Cellar/cmake/3.9.2/bin/cmake -E cmake_link_script CMakeFiles/cmTC_abafd.dir/link.txt --verbose=1
/usr/local/bin/mpicc -fomit-frame-pointer -funroll-loops  -ffast-math -Ofast -fno-signed-zeros -ffp-contract=fast -mmmx -msse -flto -maes -march=native  -march=native  -isysroot /Applications/Xcode.app/Contents/Developer/Platforms/MacOSX.platform/Developer/SDKs/MacOSX10.13.sdk -mmacosx-version-min=10.13 -Wl,-search_paths_first -Wl,-headerpad_max_install_names -L/usr/local/opt/lapack/lib -L/usr/local/opt/openblas/lib -L/usr/local/opt/llvm/lib -L/usr/local/opt/sqlite/lib -L/usr/local/opt/readline/lib -L/usr/local/opt/openssl@1.1/lib -v -Wl,-v CMakeFiles/cmTC_abafd.dir/CMakeCCompilerABI.c.o  -o cmTC_abafd 
clang version 5.0.0 (tags/RELEASE_500/final)
Target: x86_64-apple-darwin17.0.0
Thread model: posix
InstalledDir: /usr/local/opt/llvm/bin
Found CUDA installation: /usr/local/cuda, version 8.0
 "/usr/bin/ld" -demangle -lto_library /usr/local/Cellar/llvm/5.0.0/lib/libLTO.dylib -dynamic -arch x86_64 -macosx_version_min 10.13.0 -syslibroot /Applications/Xcode.app/Contents/Developer/Platforms/MacOSX.platform/Developer/SDKs/MacOSX10.13.sdk -o cmTC_abafd -L/usr/local/opt/lapack/lib -L/usr/local/opt/openblas/lib -L/usr/local/opt/llvm/lib -L/usr/local/opt/sqlite/lib -L/usr/local/opt/readline/lib -L/usr/local/opt/openssl@1.1/lib -L/usr/local/opt/libevent/lib -L/usr/local/Cellar/open-mpi/2.1.1/lib -search_paths_first -headerpad_max_install_names -v CMakeFiles/cmTC_abafd.dir/CMakeCCompilerABI.c.o -lmpi -lSystem /usr/local/Cellar/llvm/5.0.0/lib/clang/5.0.0/lib/darwin/libclang_rt.osx.a
@(#)PROGRAM:ld  PROJECT:ld64-301.1
configured to support archs: armv6 armv7 armv7s arm64 i386 x86_64 x86_64h armv6m armv7k armv7m armv7em (tvOS)
ld: warning: directory not found for option '-L/usr/local/opt/lapack/lib'
ld: warning: directory not found for option '-L/usr/local/opt/openblas/lib'
Library search paths:
	/usr/local/opt/llvm/lib
	/usr/local/opt/sqlite/lib
	/usr/local/opt/readline/lib
	/usr/local/opt/openssl@1.1/lib
	/usr/local/opt/libevent/lib
	/usr/local/Cellar/open-mpi/2.1.1/lib
	/Applications/Xcode.app/Contents/Developer/Platforms/MacOSX.platform/Developer/SDKs/MacOSX10.13.sdk/usr/lib
Framework search paths:
	/Applications/Xcode.app/Contents/Developer/Platforms/MacOSX.platform/Developer/SDKs/MacOSX10.13.sdk/System/Library/Frameworks/
LLVM version 5.0.0
gmake[1]: Leaving directory '/Users/dojo/Library/Caches/Homebrew/lapack-3.7.1/CMakeFiles/CMakeTmp'


Parsed C implicit link information from above output:
  link line regex: [^( *|.*[/\])(ld|CMAKE_LINK_STARTFILE-NOTFOUND|([^/\]+-)?ld|collect2)[^/\]*( |$)]
  ignore line: [Change Dir: /Users/dojo/Library/Caches/Homebrew/lapack-3.7.1/CMakeFiles/CMakeTmp]
  ignore line: []
  ignore line: [Run Build Command:"/usr/local/opt/make/bin/gmake" "cmTC_abafd/fast"]
  ignore line: [/usr/local/opt/make/bin/gmake -f CMakeFiles/cmTC_abafd.dir/build.make CMakeFiles/cmTC_abafd.dir/build]
  ignore line: [gmake[1]: Entering directory '/Users/dojo/Library/Caches/Homebrew/lapack-3.7.1/CMakeFiles/CMakeTmp']
  ignore line: [Building C object CMakeFiles/cmTC_abafd.dir/CMakeCCompilerABI.c.o]
  ignore line: [/usr/local/bin/mpicc   -fomit-frame-pointer -funroll-loops  -ffast-math -Ofast -fno-signed-zeros -ffp-contract=fast -mmmx -msse -flto -maes -march=native  -march=native  -isysroot /Applications/Xcode.app/Contents/Developer/Platforms/MacOSX.platform/Developer/SDKs/MacOSX10.13.sdk -mmacosx-version-min=10.13   -o CMakeFiles/cmTC_abafd.dir/CMakeCCompilerABI.c.o   -c /usr/local/Cellar/cmake/3.9.2/share/cmake/Modules/CMakeCCompilerABI.c]
  ignore line: [Linking C executable cmTC_abafd]
  ignore line: [/usr/local/Cellar/cmake/3.9.2/bin/cmake -E cmake_link_script CMakeFiles/cmTC_abafd.dir/link.txt --verbose=1]
  ignore line: [/usr/local/bin/mpicc -fomit-frame-pointer -funroll-loops  -ffast-math -Ofast -fno-signed-zeros -ffp-contract=fast -mmmx -msse -flto -maes -march=native  -march=native  -isysroot /Applications/Xcode.app/Contents/Developer/Platforms/MacOSX.platform/Developer/SDKs/MacOSX10.13.sdk -mmacosx-version-min=10.13 -Wl,-search_paths_first -Wl,-headerpad_max_install_names -L/usr/local/opt/lapack/lib -L/usr/local/opt/openblas/lib -L/usr/local/opt/llvm/lib -L/usr/local/opt/sqlite/lib -L/usr/local/opt/readline/lib -L/usr/local/opt/openssl@1.1/lib -v -Wl,-v CMakeFiles/cmTC_abafd.dir/CMakeCCompilerABI.c.o  -o cmTC_abafd ]
  ignore line: [clang version 5.0.0 (tags/RELEASE_500/final)]
  ignore line: [Target: x86_64-apple-darwin17.0.0]
  ignore line: [Thread model: posix]
  ignore line: [InstalledDir: /usr/local/opt/llvm/bin]
  ignore line: [Found CUDA installation: /usr/local/cuda, version 8.0]
  link line: [ "/usr/bin/ld" -demangle -lto_library /usr/local/Cellar/llvm/5.0.0/lib/libLTO.dylib -dynamic -arch x86_64 -macosx_version_min 10.13.0 -syslibroot /Applications/Xcode.app/Contents/Developer/Platforms/MacOSX.platform/Developer/SDKs/MacOSX10.13.sdk -o cmTC_abafd -L/usr/local/opt/lapack/lib -L/usr/local/opt/openblas/lib -L/usr/local/opt/llvm/lib -L/usr/local/opt/sqlite/lib -L/usr/local/opt/readline/lib -L/usr/local/opt/openssl@1.1/lib -L/usr/local/opt/libevent/lib -L/usr/local/Cellar/open-mpi/2.1.1/lib -search_paths_first -headerpad_max_install_names -v CMakeFiles/cmTC_abafd.dir/CMakeCCompilerABI.c.o -lmpi -lSystem /usr/local/Cellar/llvm/5.0.0/lib/clang/5.0.0/lib/darwin/libclang_rt.osx.a]
    arg [/usr/bin/ld] ==> ignore
    arg [-demangle] ==> ignore
    arg [-lto_library] ==> ignore, skip following value
    arg [/usr/local/Cellar/llvm/5.0.0/lib/libLTO.dylib] ==> skip value of -lto_library
    arg [-dynamic] ==> ignore
    arg [-arch] ==> ignore
    arg [x86_64] ==> ignore
    arg [-macosx_version_min] ==> ignore
    arg [10.13.0] ==> ignore
    arg [-syslibroot] ==> ignore
    arg [/Applications/Xcode.app/Contents/Developer/Platforms/MacOSX.platform/Developer/SDKs/MacOSX10.13.sdk] ==> ignore
    arg [-o] ==> ignore
    arg [cmTC_abafd] ==> ignore
    arg [-L/usr/local/opt/lapack/lib] ==> dir [/usr/local/opt/lapack/lib]
    arg [-L/usr/local/opt/openblas/lib] ==> dir [/usr/local/opt/openblas/lib]
    arg [-L/usr/local/opt/llvm/lib] ==> dir [/usr/local/opt/llvm/lib]
    arg [-L/usr/local/opt/sqlite/lib] ==> dir [/usr/local/opt/sqlite/lib]
    arg [-L/usr/local/opt/readline/lib] ==> dir [/usr/local/opt/readline/lib]
    arg [-L/usr/local/opt/openssl@1.1/lib] ==> dir [/usr/local/opt/openssl@1.1/lib]
    arg [-L/usr/local/opt/libevent/lib] ==> dir [/usr/local/opt/libevent/lib]
    arg [-L/usr/local/Cellar/open-mpi/2.1.1/lib] ==> dir [/usr/local/Cellar/open-mpi/2.1.1/lib]
    arg [-search_paths_first] ==> ignore
    arg [-headerpad_max_install_names] ==> ignore
    arg [-v] ==> ignore
    arg [CMakeFiles/cmTC_abafd.dir/CMakeCCompilerABI.c.o] ==> ignore
    arg [-lmpi] ==> lib [mpi]
    arg [-lSystem] ==> lib [System]
    arg [/usr/local/Cellar/llvm/5.0.0/lib/clang/5.0.0/lib/darwin/libclang_rt.osx.a] ==> lib [/usr/local/Cellar/llvm/5.0.0/lib/clang/5.0.0/lib/darwin/libclang_rt.osx.a]
  Library search paths: [;/usr/local/opt/llvm/lib;/usr/local/opt/sqlite/lib;/usr/local/opt/readline/lib;/usr/local/opt/openssl@1.1/lib;/usr/local/opt/libevent/lib;/usr/local/Cellar/open-mpi/2.1.1/lib;/Applications/Xcode.app/Contents/Developer/Platforms/MacOSX.platform/Developer/SDKs/MacOSX10.13.sdk/usr/lib]
  Framework search paths: [;/Applications/Xcode.app/Contents/Developer/Platforms/MacOSX.platform/Developer/SDKs/MacOSX10.13.sdk/System/Library/Frameworks/]
  remove lib [System]
  remove lib [/usr/local/Cellar/llvm/5.0.0/lib/clang/5.0.0/lib/darwin/libclang_rt.osx.a]
  collapse library dir [/usr/local/opt/lapack/lib] ==> [/usr/local/opt/lapack/lib]
  collapse library dir [/usr/local/opt/openblas/lib] ==> [/usr/local/opt/openblas/lib]
  collapse library dir [/usr/local/opt/llvm/lib] ==> [/usr/local/opt/llvm/lib]
  collapse library dir [/usr/local/opt/sqlite/lib] ==> [/usr/local/opt/sqlite/lib]
  collapse library dir [/usr/local/opt/readline/lib] ==> [/usr/local/opt/readline/lib]
  collapse library dir [/usr/local/opt/openssl@1.1/lib] ==> [/usr/local/opt/openssl@1.1/lib]
  collapse library dir [/usr/local/opt/libevent/lib] ==> [/usr/local/opt/libevent/lib]
  collapse library dir [/usr/local/Cellar/open-mpi/2.1.1/lib] ==> [/usr/local/Cellar/open-mpi/2.1.1/lib]
  collapse library dir [/usr/local/opt/llvm/lib] ==> [/usr/local/opt/llvm/lib]
  collapse library dir [/usr/local/opt/sqlite/lib] ==> [/usr/local/opt/sqlite/lib]
  collapse library dir [/usr/local/opt/readline/lib] ==> [/usr/local/opt/readline/lib]
  collapse library dir [/usr/local/opt/openssl@1.1/lib] ==> [/usr/local/opt/openssl@1.1/lib]
  collapse library dir [/usr/local/opt/libevent/lib] ==> [/usr/local/opt/libevent/lib]
  collapse library dir [/usr/local/Cellar/open-mpi/2.1.1/lib] ==> [/usr/local/Cellar/open-mpi/2.1.1/lib]
  collapse library dir [/Applications/Xcode.app/Contents/Developer/Platforms/MacOSX.platform/Developer/SDKs/MacOSX10.13.sdk/usr/lib] ==> [/Applications/Xcode.app/Contents/Developer/Platforms/MacOSX.platform/Developer/SDKs/MacOSX10.13.sdk/usr/lib]
  collapse framework dir [/Applications/Xcode.app/Contents/Developer/Platforms/MacOSX.platform/Developer/SDKs/MacOSX10.13.sdk/System/Library/Frameworks/] ==> [/Applications/Xcode.app/Contents/Developer/Platforms/MacOSX.platform/Developer/SDKs/MacOSX10.13.sdk/System/Library/Frameworks]
  implicit libs: [mpi]
  implicit dirs: [/usr/local/opt/lapack/lib;/usr/local/opt/openblas/lib;/usr/local/opt/llvm/lib;/usr/local/opt/sqlite/lib;/usr/local/opt/readline/lib;/usr/local/opt/openssl@1.1/lib;/usr/local/opt/libevent/lib;/usr/local/Cellar/open-mpi/2.1.1/lib;/Applications/Xcode.app/Contents/Developer/Platforms/MacOSX.platform/Developer/SDKs/MacOSX10.13.sdk/usr/lib]
  implicit fwks: [/Applications/Xcode.app/Contents/Developer/Platforms/MacOSX.platform/Developer/SDKs/MacOSX10.13.sdk/System/Library/Frameworks]


